\BOOKMARK [0][-]{chapter.1}{\376\377\0001\000\040\000E\000x\000a\000m\000p\000l\000e\000:\000\040\0000\0000\000-\000h\000e\000l\000l\000o\000-\000w\000o\000r\000l\000d}{}% 1
\BOOKMARK [0][-]{chapter.2}{\376\377\0002\000\040\000B\000e\000n\000c\000h\000m\000a\000r\000k\000i\000n\000g}{}% 2
\BOOKMARK [0][-]{chapter.3}{\376\377\0003\000\040\000C\000o\000n\000t\000r\000i\000b\000u\000t\000o\000r\000\040\000C\000o\000d\000e\000\040\000o\000f\000\040\000C\000o\000n\000d\000u\000c\000t}{}% 3
\BOOKMARK [0][-]{chapter.4}{\376\377\0004\000\040\000e\000p\000i\000w\000o\000r\000l\000d\000\040\000c\000+\000+\000\040\000t\000e\000m\000p\000l\000a\000t\000e\000\040\000l\000i\000b\000r\000a\000r\000y}{}% 4
\BOOKMARK [1][-]{section.4.1}{\376\377\0004\000.\0001\000\040\000M\000a\000i\000n\000\040\000f\000e\000a\000t\000u\000r\000e\000s}{chapter.4}% 5
\BOOKMARK [1][-]{section.4.2}{\376\377\0004\000.\0002\000\040\000A\000l\000g\000o\000r\000i\000t\000h\000m}{chapter.4}% 6
\BOOKMARK [1][-]{section.4.3}{\376\377\0004\000.\0003\000\040\000H\000e\000l\000l\000o\000\040\000w\000o\000r\000l\000d\000\040\000\050\000C\000+\000+\000\051}{chapter.4}% 7
\BOOKMARK [1][-]{section.4.4}{\376\377\0004\000.\0004\000\040\000S\000u\000r\000v\000e\000i\000l\000l\000a\000n\000c\000e\000\040\000s\000i\000m\000u\000l\000a\000t\000i\000o\000n}{chapter.4}% 8
\BOOKMARK [2][-]{subsection.4.4.1}{\376\377\0004\000.\0004\000.\0001\000\040\000P\000r\000e\000l\000i\000m\000i\000n\000a\000r\000y\000\040\000r\000e\000s\000u\000l\000t\000s}{section.4.4}% 9
\BOOKMARK [2][-]{subsection.4.4.2}{\376\377\0004\000.\0004\000.\0002\000\040\000C\000a\000s\000e\000s\000\040\000d\000e\000t\000e\000c\000t\000e\000d}{section.4.4}% 10
\BOOKMARK [0][-]{chapter.5}{\376\377\0005\000\040\000M\000I\000T\000\040\000L\000i\000c\000e\000n\000s\000e}{}% 11
\BOOKMARK [0][-]{chapter.6}{\376\377\0006\000\040\000m\000o\000d\000e\000l\0001}{}% 12
\BOOKMARK [0][-]{chapter.7}{\376\377\0007\000\040\000e\000p\000i\000w\000o\000r\000l\000d\000:\000\040\000A\000\040\000f\000a\000s\000t\000\040\000a\000n\000d\000\040\000f\000l\000e\000x\000i\000b\000l\000e\000\040\000A\000B\000M\000\040\000f\000r\000a\000m\000e\000w\000o\000r\000k\000\040\000f\000o\000r\000\040\000e\000p\000i\000d\000e\000m\000i\000o\000l\000o\000g\000i\000c\000a\000l}{}% 13
\BOOKMARK [1][-]{section.7.1}{\376\377\0007\000.\0001\000\040\000F\000e\000a\000t\000u\000r\000e\000s}{chapter.7}% 14
\BOOKMARK [1][-]{section.7.2}{\376\377\0007\000.\0002\000\040\000E\000x\000a\000m\000p\000l\000e\000\040\000u\000s\000e\000\040\000c\000a\000s\000e\000s}{chapter.7}% 15
\BOOKMARK [1][-]{section.7.3}{\376\377\0007\000.\0003\000\040\000A\000p\000p\000e\000n\000d\000i\000x}{chapter.7}% 16
\BOOKMARK [2][-]{subsection.7.3.1}{\376\377\0007\000.\0003\000.\0001\000\040\000C\000o\000d\000e\000\040\000e\000x\000a\000m\000p\000l\000e}{section.7.3}% 17
\BOOKMARK [2][-]{subsection.7.3.2}{\376\377\0007\000.\0003\000.\0002\000\040\000S\000p\000e\000e\000d\000\040\000b\000e\000n\000c\000h\000m\000a\000r\000k}{section.7.3}% 18
\BOOKMARK [2][-]{subsection.7.3.3}{\376\377\0007\000.\0003\000.\0003\000\040\000I\000m\000p\000l\000e\000m\000e\000n\000t\000a\000t\000i\000o\000n}{section.7.3}% 19
\BOOKMARK [0][-]{chapter.8}{\376\377\0008\000\040\000E\000P\000I\000\040\000S\000i\000m\000u\000l\000a\000t\000o\000r}{}% 20
\BOOKMARK [1][-]{section.8.1}{\376\377\0008\000.\0001\000\040\000D\000i\000s\000e\000a\000s\000e\000\040\000d\000y\000n\000a\000m\000i\000c\000s}{chapter.8}% 21
\BOOKMARK [1][-]{section.8.2}{\376\377\0008\000.\0002\000\040\000N\000e\000t\000w\000o\000r\000k\000\040\000d\000y\000n\000a\000m\000i\000c\000s}{chapter.8}% 22
\BOOKMARK [1][-]{section.8.3}{\376\377\0008\000.\0003\000\040\000C\000o\000n\000t\000a\000g\000i\000o\000n\000\040\000d\000y\000n\000a\000m\000i\000c\000s}{chapter.8}% 23
\BOOKMARK [1][-]{section.8.4}{\376\377\0008\000.\0004\000\040\000T\000i\000m\000e\000\040\000d\000y\000n\000a\000m\000i\000c\000s}{chapter.8}% 24
\BOOKMARK [1][-]{section.8.5}{\376\377\0008\000.\0005\000\040\000U\000p\000d\000a\000t\000i\000n\000g\000\040\000a\000g\000e\000n\000t\000\047\000s\000\040\000s\000t\000a\000t\000u\000s}{chapter.8}% 25
\BOOKMARK [2][-]{subsection.8.5.1}{\376\377\0008\000.\0005\000.\0001\000\040\000O\000t\000h\000e\000r\000\040\000p\000a\000r\000a\000m\000e\000t\000e\000r\000s}{section.8.5}% 26
\BOOKMARK [0][-]{chapter.9}{\376\377\0009\000\040\000N\000a\000m\000e\000s\000p\000a\000c\000e\000\040\000I\000n\000d\000e\000x}{}% 27
\BOOKMARK [1][-]{section.9.1}{\376\377\0009\000.\0001\000\040\000N\000a\000m\000e\000s\000p\000a\000c\000e\000\040\000L\000i\000s\000t}{chapter.9}% 28
\BOOKMARK [0][-]{chapter.10}{\376\377\0001\0000\000\040\000H\000i\000e\000r\000a\000r\000c\000h\000i\000c\000a\000l\000\040\000I\000n\000d\000e\000x}{}% 29
\BOOKMARK [1][-]{section.10.1}{\376\377\0001\0000\000.\0001\000\040\000C\000l\000a\000s\000s\000\040\000H\000i\000e\000r\000a\000r\000c\000h\000y}{chapter.10}% 30
\BOOKMARK [0][-]{chapter.11}{\376\377\0001\0001\000\040\000C\000l\000a\000s\000s\000\040\000I\000n\000d\000e\000x}{}% 31
\BOOKMARK [1][-]{section.11.1}{\376\377\0001\0001\000.\0001\000\040\000C\000l\000a\000s\000s\000\040\000L\000i\000s\000t}{chapter.11}% 32
\BOOKMARK [0][-]{chapter.12}{\376\377\0001\0002\000\040\000F\000i\000l\000e\000\040\000I\000n\000d\000e\000x}{}% 33
\BOOKMARK [1][-]{section.12.1}{\376\377\0001\0002\000.\0001\000\040\000F\000i\000l\000e\000\040\000L\000i\000s\000t}{chapter.12}% 34
\BOOKMARK [0][-]{chapter.13}{\376\377\0001\0003\000\040\000N\000a\000m\000e\000s\000p\000a\000c\000e\000\040\000D\000o\000c\000u\000m\000e\000n\000t\000a\000t\000i\000o\000n}{}% 35
\BOOKMARK [1][-]{section.13.1}{\376\377\0001\0003\000.\0001\000\040\000e\000p\000i\000w\000o\000r\000l\000d\000:\000:\000s\000a\000m\000p\000l\000e\000r\000\040\000N\000a\000m\000e\000s\000p\000a\000c\000e\000\040\000R\000e\000f\000e\000r\000e\000n\000c\000e}{chapter.13}% 36
\BOOKMARK [2][-]{subsection.13.1.1}{\376\377\0001\0003\000.\0001\000.\0001\000\040\000D\000e\000t\000a\000i\000l\000e\000d\000\040\000D\000e\000s\000c\000r\000i\000p\000t\000i\000o\000n}{section.13.1}% 37
\BOOKMARK [2][-]{subsection.13.1.2}{\376\377\0001\0003\000.\0001\000.\0002\000\040\000F\000u\000n\000c\000t\000i\000o\000n\000\040\000D\000o\000c\000u\000m\000e\000n\000t\000a\000t\000i\000o\000n}{section.13.1}% 38
\BOOKMARK [3][-]{subsubsection.13.1.2.1}{\376\377\0001\0003\000.\0001\000.\0002\000.\0001\000\040\000m\000a\000k\000e\000\137\000s\000a\000m\000p\000l\000e\000\137\000v\000i\000r\000u\000s\000\137\000n\000e\000i\000g\000h\000b\000o\000r\000s\000\050\000\051}{subsection.13.1.2}% 39
\BOOKMARK [3][-]{subsubsection.13.1.2.2}{\376\377\0001\0003\000.\0001\000.\0002\000.\0002\000\040\000m\000a\000k\000e\000\137\000u\000p\000d\000a\000t\000e\000\137\000s\000u\000s\000c\000e\000p\000t\000i\000b\000l\000e\000\050\000\051}{subsection.13.1.2}% 40
\BOOKMARK [3][-]{subsubsection.13.1.2.3}{\376\377\0001\0003\000.\0001\000.\0002\000.\0003\000\040\000s\000a\000m\000p\000l\000e\000\137\000v\000i\000r\000u\000s\000\137\000s\000i\000n\000g\000l\000e\000\050\000\051}{subsection.13.1.2}% 41
\BOOKMARK [1][-]{section.13.2}{\376\377\0001\0003\000.\0002\000\040\000s\000a\000m\000p\000l\000e\000r\000\040\000N\000a\000m\000e\000s\000p\000a\000c\000e\000\040\000R\000e\000f\000e\000r\000e\000n\000c\000e}{chapter.13}% 42
\BOOKMARK [2][-]{subsection.13.2.1}{\376\377\0001\0003\000.\0002\000.\0001\000\040\000D\000e\000t\000a\000i\000l\000e\000d\000\040\000D\000e\000s\000c\000r\000i\000p\000t\000i\000o\000n}{section.13.2}% 43
\BOOKMARK [2][-]{subsection.13.2.2}{\376\377\0001\0003\000.\0002\000.\0002\000\040\000F\000u\000n\000c\000t\000i\000o\000n\000\040\000D\000o\000c\000u\000m\000e\000n\000t\000a\000t\000i\000o\000n}{section.13.2}% 44
\BOOKMARK [3][-]{subsubsection.13.2.2.1}{\376\377\0001\0003\000.\0002\000.\0002\000.\0001\000\040\000m\000a\000k\000e\000\137\000s\000a\000m\000p\000l\000e\000\137\000v\000i\000r\000u\000s\000\137\000n\000e\000i\000g\000h\000b\000o\000r\000s\000\050\000\051}{subsection.13.2.2}% 45
\BOOKMARK [3][-]{subsubsection.13.2.2.2}{\376\377\0001\0003\000.\0002\000.\0002\000.\0002\000\040\000m\000a\000k\000e\000\137\000u\000p\000d\000a\000t\000e\000\137\000s\000u\000s\000c\000e\000p\000t\000i\000b\000l\000e\000\050\000\051}{subsection.13.2.2}% 46
\BOOKMARK [3][-]{subsubsection.13.2.2.3}{\376\377\0001\0003\000.\0002\000.\0002\000.\0003\000\040\000s\000a\000m\000p\000l\000e\000\137\000v\000i\000r\000u\000s\000\137\000s\000i\000n\000g\000l\000e\000\050\000\051}{subsection.13.2.2}% 47
\BOOKMARK [0][-]{chapter.14}{\376\377\0001\0004\000\040\000C\000l\000a\000s\000s\000\040\000D\000o\000c\000u\000m\000e\000n\000t\000a\000t\000i\000o\000n}{}% 48
\BOOKMARK [1][-]{section.14.1}{\376\377\0001\0004\000.\0001\000\040\000A\000d\000j\000L\000i\000s\000t\000\040\000C\000l\000a\000s\000s\000\040\000R\000e\000f\000e\000r\000e\000n\000c\000e}{chapter.14}% 49
\BOOKMARK [2][-]{subsection.14.1.1}{\376\377\0001\0004\000.\0001\000.\0001\000\040\000C\000o\000n\000s\000t\000r\000u\000c\000t\000o\000r\000\040\000\046\000\040\000D\000e\000s\000t\000r\000u\000c\000t\000o\000r\000\040\000D\000o\000c\000u\000m\000e\000n\000t\000a\000t\000i\000o\000n}{section.14.1}% 50
\BOOKMARK [3][-]{subsubsection.14.1.1.1}{\376\377\0001\0004\000.\0001\000.\0001\000.\0001\000\040\000A\000d\000j\000L\000i\000s\000t\000\050\000\051}{subsection.14.1.1}% 51
\BOOKMARK [2][-]{subsection.14.1.2}{\376\377\0001\0004\000.\0001\000.\0002\000\040\000M\000e\000m\000b\000e\000r\000\040\000F\000u\000n\000c\000t\000i\000o\000n\000\040\000D\000o\000c\000u\000m\000e\000n\000t\000a\000t\000i\000o\000n}{section.14.1}% 52
\BOOKMARK [3][-]{subsubsection.14.1.2.1}{\376\377\0001\0004\000.\0001\000.\0002\000.\0001\000\040\000r\000e\000a\000d\000\137\000e\000d\000g\000e\000l\000i\000s\000t\000\050\000\051}{subsection.14.1.2}% 53
\BOOKMARK [1][-]{section.14.2}{\376\377\0001\0004\000.\0002\000\040\000e\000p\000i\000w\000o\000r\000l\000d\000:\000:\000A\000d\000j\000L\000i\000s\000t\000\040\000C\000l\000a\000s\000s\000\040\000R\000e\000f\000e\000r\000e\000n\000c\000e}{chapter.14}% 54
\BOOKMARK [2][-]{subsection.14.2.1}{\376\377\0001\0004\000.\0002\000.\0001\000\040\000C\000o\000n\000s\000t\000r\000u\000c\000t\000o\000r\000\040\000\046\000\040\000D\000e\000s\000t\000r\000u\000c\000t\000o\000r\000\040\000D\000o\000c\000u\000m\000e\000n\000t\000a\000t\000i\000o\000n}{section.14.2}% 55
\BOOKMARK [3][-]{subsubsection.14.2.1.1}{\376\377\0001\0004\000.\0002\000.\0001\000.\0001\000\040\000A\000d\000j\000L\000i\000s\000t\000\050\000\051}{subsection.14.2.1}% 56
\BOOKMARK [2][-]{subsection.14.2.2}{\376\377\0001\0004\000.\0002\000.\0002\000\040\000M\000e\000m\000b\000e\000r\000\040\000F\000u\000n\000c\000t\000i\000o\000n\000\040\000D\000o\000c\000u\000m\000e\000n\000t\000a\000t\000i\000o\000n}{section.14.2}% 57
\BOOKMARK [3][-]{subsubsection.14.2.2.1}{\376\377\0001\0004\000.\0002\000.\0002\000.\0001\000\040\000r\000e\000a\000d\000\137\000e\000d\000g\000e\000l\000i\000s\000t\000\050\000\051}{subsection.14.2.2}% 58
\BOOKMARK [1][-]{section.14.3}{\376\377\0001\0004\000.\0003\000\040\000A\000g\000e\000n\000t\000<\000\040\000T\000S\000e\000q\000\040\000>\000\040\000C\000l\000a\000s\000s\000\040\000T\000e\000m\000p\000l\000a\000t\000e\000\040\000R\000e\000f\000e\000r\000e\000n\000c\000e}{chapter.14}% 59
\BOOKMARK [2][-]{subsection.14.3.1}{\376\377\0001\0004\000.\0003\000.\0001\000\040\000D\000e\000t\000a\000i\000l\000e\000d\000\040\000D\000e\000s\000c\000r\000i\000p\000t\000i\000o\000n}{section.14.3}% 60
\BOOKMARK [2][-]{subsection.14.3.2}{\376\377\0001\0004\000.\0003\000.\0002\000\040\000M\000e\000m\000b\000e\000r\000\040\000F\000u\000n\000c\000t\000i\000o\000n\000\040\000D\000o\000c\000u\000m\000e\000n\000t\000a\000t\000i\000o\000n}{section.14.3}% 61
\BOOKMARK [3][-]{subsubsection.14.3.2.1}{\376\377\0001\0004\000.\0003\000.\0002\000.\0001\000\040\000o\000p\000e\000r\000a\000t\000o\000r\000\050\000\051\000\050\000\051}{subsection.14.3.2}% 62
\BOOKMARK [3][-]{subsubsection.14.3.2.2}{\376\377\0001\0004\000.\0003\000.\0002\000.\0002\000\040\000s\000w\000a\000p\000\137\000n\000e\000i\000g\000h\000b\000o\000r\000s\000\050\000\051}{subsection.14.3.2}% 63
\BOOKMARK [2][-]{subsection.14.3.3}{\376\377\0001\0004\000.\0003\000.\0003\000\040\000F\000r\000i\000e\000n\000d\000s\000\040\000A\000n\000d\000\040\000R\000e\000l\000a\000t\000e\000d\000\040\000F\000u\000n\000c\000t\000i\000o\000n\000\040\000D\000o\000c\000u\000m\000e\000n\000t\000a\000t\000i\000o\000n}{section.14.3}% 64
\BOOKMARK [3][-]{subsubsection.14.3.3.1}{\376\377\0001\0004\000.\0003\000.\0003\000.\0001\000\040\000d\000e\000f\000a\000u\000l\000t\000\137\000r\000m\000\137\000e\000n\000t\000i\000t\000y}{subsection.14.3.3}% 65
\BOOKMARK [1][-]{section.14.4}{\376\377\0001\0004\000.\0004\000\040\000e\000p\000i\000w\000o\000r\000l\000d\000:\000:\000A\000g\000e\000n\000t\000<\000\040\000T\000S\000e\000q\000\040\000>\000\040\000C\000l\000a\000s\000s\000\040\000T\000e\000m\000p\000l\000a\000t\000e\000\040\000R\000e\000f\000e\000r\000e\000n\000c\000e}{chapter.14}% 66
\BOOKMARK [2][-]{subsection.14.4.1}{\376\377\0001\0004\000.\0004\000.\0001\000\040\000D\000e\000t\000a\000i\000l\000e\000d\000\040\000D\000e\000s\000c\000r\000i\000p\000t\000i\000o\000n}{section.14.4}% 67
\BOOKMARK [2][-]{subsection.14.4.2}{\376\377\0001\0004\000.\0004\000.\0002\000\040\000M\000e\000m\000b\000e\000r\000\040\000F\000u\000n\000c\000t\000i\000o\000n\000\040\000D\000o\000c\000u\000m\000e\000n\000t\000a\000t\000i\000o\000n}{section.14.4}% 68
\BOOKMARK [3][-]{subsubsection.14.4.2.1}{\376\377\0001\0004\000.\0004\000.\0002\000.\0001\000\040\000o\000p\000e\000r\000a\000t\000o\000r\000\050\000\051\000\050\000\051}{subsection.14.4.2}% 69
\BOOKMARK [3][-]{subsubsection.14.4.2.2}{\376\377\0001\0004\000.\0004\000.\0002\000.\0002\000\040\000s\000w\000a\000p\000\137\000n\000e\000i\000g\000h\000b\000o\000r\000s\000\050\000\051}{subsection.14.4.2}% 70
\BOOKMARK [2][-]{subsection.14.4.3}{\376\377\0001\0004\000.\0004\000.\0003\000\040\000F\000r\000i\000e\000n\000d\000s\000\040\000A\000n\000d\000\040\000R\000e\000l\000a\000t\000e\000d\000\040\000F\000u\000n\000c\000t\000i\000o\000n\000\040\000D\000o\000c\000u\000m\000e\000n\000t\000a\000t\000i\000o\000n}{section.14.4}% 71
\BOOKMARK [3][-]{subsubsection.14.4.3.1}{\376\377\0001\0004\000.\0004\000.\0003\000.\0001\000\040\000d\000e\000f\000a\000u\000l\000t\000\137\000r\000m\000\137\000e\000n\000t\000i\000t\000y}{subsection.14.4.3}% 72
\BOOKMARK [1][-]{section.14.5}{\376\377\0001\0004\000.\0005\000\040\000A\000g\000e\000n\000t\000s\000S\000a\000m\000p\000l\000e\000<\000\040\000T\000S\000e\000q\000\040\000>\000\040\000C\000l\000a\000s\000s\000\040\000T\000e\000m\000p\000l\000a\000t\000e\000\040\000R\000e\000f\000e\000r\000e\000n\000c\000e}{chapter.14}% 73
\BOOKMARK [2][-]{subsection.14.5.1}{\376\377\0001\0004\000.\0005\000.\0001\000\040\000D\000e\000t\000a\000i\000l\000e\000d\000\040\000D\000e\000s\000c\000r\000i\000p\000t\000i\000o\000n}{section.14.5}% 74
\BOOKMARK [2][-]{subsection.14.5.2}{\376\377\0001\0004\000.\0005\000.\0002\000\040\000C\000o\000n\000s\000t\000r\000u\000c\000t\000o\000r\000\040\000\046\000\040\000D\000e\000s\000t\000r\000u\000c\000t\000o\000r\000\040\000D\000o\000c\000u\000m\000e\000n\000t\000a\000t\000i\000o\000n}{section.14.5}% 75
\BOOKMARK [3][-]{subsubsection.14.5.2.1}{\376\377\0001\0004\000.\0005\000.\0002\000.\0001\000\040\000A\000g\000e\000n\000t\000s\000S\000a\000m\000p\000l\000e\000\050\000\051}{subsection.14.5.2}% 76
\BOOKMARK [1][-]{section.14.6}{\376\377\0001\0004\000.\0006\000\040\000e\000p\000i\000w\000o\000r\000l\000d\000:\000:\000A\000g\000e\000n\000t\000s\000S\000a\000m\000p\000l\000e\000<\000\040\000T\000S\000e\000q\000\040\000>\000\040\000C\000l\000a\000s\000s\000\040\000T\000e\000m\000p\000l\000a\000t\000e\000\040\000R\000e\000f\000e\000r\000e\000n\000c\000e}{chapter.14}% 77
\BOOKMARK [2][-]{subsection.14.6.1}{\376\377\0001\0004\000.\0006\000.\0001\000\040\000D\000e\000t\000a\000i\000l\000e\000d\000\040\000D\000e\000s\000c\000r\000i\000p\000t\000i\000o\000n}{section.14.6}% 78
\BOOKMARK [2][-]{subsection.14.6.2}{\376\377\0001\0004\000.\0006\000.\0002\000\040\000C\000o\000n\000s\000t\000r\000u\000c\000t\000o\000r\000\040\000\046\000\040\000D\000e\000s\000t\000r\000u\000c\000t\000o\000r\000\040\000D\000o\000c\000u\000m\000e\000n\000t\000a\000t\000i\000o\000n}{section.14.6}% 79
\BOOKMARK [3][-]{subsubsection.14.6.2.1}{\376\377\0001\0004\000.\0006\000.\0002\000.\0001\000\040\000A\000g\000e\000n\000t\000s\000S\000a\000m\000p\000l\000e\000\050\000\051}{subsection.14.6.2}% 80
\BOOKMARK [1][-]{section.14.7}{\376\377\0001\0004\000.\0007\000\040\000D\000a\000t\000a\000B\000a\000s\000e\000<\000\040\000T\000S\000e\000q\000\040\000>\000\040\000C\000l\000a\000s\000s\000\040\000T\000e\000m\000p\000l\000a\000t\000e\000\040\000R\000e\000f\000e\000r\000e\000n\000c\000e}{chapter.14}% 81
\BOOKMARK [2][-]{subsection.14.7.1}{\376\377\0001\0004\000.\0007\000.\0001\000\040\000D\000e\000t\000a\000i\000l\000e\000d\000\040\000D\000e\000s\000c\000r\000i\000p\000t\000i\000o\000n}{section.14.7}% 82
\BOOKMARK [2][-]{subsection.14.7.2}{\376\377\0001\0004\000.\0007\000.\0002\000\040\000M\000e\000m\000b\000e\000r\000\040\000F\000u\000n\000c\000t\000i\000o\000n\000\040\000D\000o\000c\000u\000m\000e\000n\000t\000a\000t\000i\000o\000n}{section.14.7}% 83
\BOOKMARK [3][-]{subsubsection.14.7.2.1}{\376\377\0001\0004\000.\0007\000.\0002\000.\0001\000\040\000g\000e\000n\000e\000r\000a\000t\000i\000o\000n\000\137\000t\000i\000m\000e\000\050\000\051}{subsection.14.7.2}% 84
\BOOKMARK [3][-]{subsubsection.14.7.2.2}{\376\377\0001\0004\000.\0007\000.\0002\000.\0002\000\040\000g\000e\000t\000\137\000t\000r\000a\000n\000s\000m\000i\000s\000s\000i\000o\000n\000s\000\050\000\051}{subsection.14.7.2}% 85
\BOOKMARK [3][-]{subsubsection.14.7.2.3}{\376\377\0001\0004\000.\0007\000.\0002\000.\0003\000\040\000o\000p\000e\000r\000a\000t\000o\000r\000=\000=\000\050\000\051\000\040\000[\0001\000/\0003\000]}{subsection.14.7.2}% 86
\BOOKMARK [3][-]{subsubsection.14.7.2.4}{\376\377\0001\0004\000.\0007\000.\0002\000.\0004\000\040\000o\000p\000e\000r\000a\000t\000o\000r\000=\000=\000\050\000\051\000\040\000[\0002\000/\0003\000]}{subsection.14.7.2}% 87
\BOOKMARK [3][-]{subsubsection.14.7.2.5}{\376\377\0001\0004\000.\0007\000.\0002\000.\0005\000\040\000o\000p\000e\000r\000a\000t\000o\000r\000=\000=\000\050\000\051\000\040\000[\0003\000/\0003\000]}{subsection.14.7.2}% 88
\BOOKMARK [3][-]{subsubsection.14.7.2.6}{\376\377\0001\0004\000.\0007\000.\0002\000.\0006\000\040\000r\000e\000c\000o\000r\000d\000\137\000v\000i\000r\000u\000s\000\050\000\051}{subsection.14.7.2}% 89
\BOOKMARK [3][-]{subsubsection.14.7.2.7}{\376\377\0001\0004\000.\0007\000.\0002\000.\0007\000\040\000r\000e\000p\000r\000o\000d\000u\000c\000t\000i\000v\000e\000\137\000n\000u\000m\000b\000e\000r\000\050\000\051}{subsection.14.7.2}% 90
\BOOKMARK [3][-]{subsubsection.14.7.2.8}{\376\377\0001\0004\000.\0007\000.\0002\000.\0008\000\040\000t\000r\000a\000n\000s\000i\000t\000i\000o\000n\000\137\000p\000r\000o\000b\000a\000b\000i\000l\000i\000t\000y\000\050\000\051}{subsection.14.7.2}% 91
\BOOKMARK [1][-]{section.14.8}{\376\377\0001\0004\000.\0008\000\040\000e\000p\000i\000w\000o\000r\000l\000d\000:\000:\000D\000a\000t\000a\000B\000a\000s\000e\000<\000\040\000T\000S\000e\000q\000\040\000>\000\040\000C\000l\000a\000s\000s\000\040\000T\000e\000m\000p\000l\000a\000t\000e\000\040\000R\000e\000f\000e\000r\000e\000n\000c\000e}{chapter.14}% 92
\BOOKMARK [2][-]{subsection.14.8.1}{\376\377\0001\0004\000.\0008\000.\0001\000\040\000D\000e\000t\000a\000i\000l\000e\000d\000\040\000D\000e\000s\000c\000r\000i\000p\000t\000i\000o\000n}{section.14.8}% 93
\BOOKMARK [2][-]{subsection.14.8.2}{\376\377\0001\0004\000.\0008\000.\0002\000\040\000M\000e\000m\000b\000e\000r\000\040\000F\000u\000n\000c\000t\000i\000o\000n\000\040\000D\000o\000c\000u\000m\000e\000n\000t\000a\000t\000i\000o\000n}{section.14.8}% 94
\BOOKMARK [3][-]{subsubsection.14.8.2.1}{\376\377\0001\0004\000.\0008\000.\0002\000.\0001\000\040\000g\000e\000n\000e\000r\000a\000t\000i\000o\000n\000\137\000t\000i\000m\000e\000\050\000\051}{subsection.14.8.2}% 95
\BOOKMARK [3][-]{subsubsection.14.8.2.2}{\376\377\0001\0004\000.\0008\000.\0002\000.\0002\000\040\000g\000e\000t\000\137\000t\000r\000a\000n\000s\000m\000i\000s\000s\000i\000o\000n\000s\000\050\000\051}{subsection.14.8.2}% 96
\BOOKMARK [3][-]{subsubsection.14.8.2.3}{\376\377\0001\0004\000.\0008\000.\0002\000.\0003\000\040\000o\000p\000e\000r\000a\000t\000o\000r\000=\000=\000\050\000\051}{subsection.14.8.2}% 97
\BOOKMARK [3][-]{subsubsection.14.8.2.4}{\376\377\0001\0004\000.\0008\000.\0002\000.\0004\000\040\000r\000e\000c\000o\000r\000d\000\137\000v\000i\000r\000u\000s\000\050\000\051}{subsection.14.8.2}% 98
\BOOKMARK [3][-]{subsubsection.14.8.2.5}{\376\377\0001\0004\000.\0008\000.\0002\000.\0005\000\040\000r\000e\000p\000r\000o\000d\000u\000c\000t\000i\000v\000e\000\137\000n\000u\000m\000b\000e\000r\000\050\000\051}{subsection.14.8.2}% 99
\BOOKMARK [3][-]{subsubsection.14.8.2.6}{\376\377\0001\0004\000.\0008\000.\0002\000.\0006\000\040\000t\000r\000a\000n\000s\000i\000t\000i\000o\000n\000\137\000p\000r\000o\000b\000a\000b\000i\000l\000i\000t\000y\000\050\000\051}{subsection.14.8.2}% 100
\BOOKMARK [1][-]{section.14.9}{\376\377\0001\0004\000.\0009\000\040\000E\000n\000t\000i\000t\000i\000e\000s\000<\000\040\000T\000S\000e\000q\000\040\000>\000\040\000C\000l\000a\000s\000s\000\040\000T\000e\000m\000p\000l\000a\000t\000e\000\040\000R\000e\000f\000e\000r\000e\000n\000c\000e}{chapter.14}% 101
\BOOKMARK [2][-]{subsection.14.9.1}{\376\377\0001\0004\000.\0009\000.\0001\000\040\000D\000e\000t\000a\000i\000l\000e\000d\000\040\000D\000e\000s\000c\000r\000i\000p\000t\000i\000o\000n}{section.14.9}% 102
\BOOKMARK [1][-]{section.14.10}{\376\377\0001\0004\000.\0001\0000\000\040\000e\000p\000i\000w\000o\000r\000l\000d\000:\000:\000E\000n\000t\000i\000t\000i\000e\000s\000<\000\040\000T\000S\000e\000q\000\040\000>\000\040\000C\000l\000a\000s\000s\000\040\000T\000e\000m\000p\000l\000a\000t\000e\000\040\000R\000e\000f\000e\000r\000e\000n\000c\000e}{chapter.14}% 103
\BOOKMARK [2][-]{subsection.14.10.1}{\376\377\0001\0004\000.\0001\0000\000.\0001\000\040\000D\000e\000t\000a\000i\000l\000e\000d\000\040\000D\000e\000s\000c\000r\000i\000p\000t\000i\000o\000n}{section.14.10}% 104
\BOOKMARK [1][-]{section.14.11}{\376\377\0001\0004\000.\0001\0001\000\040\000E\000n\000t\000i\000t\000i\000e\000s\000\137\000c\000o\000n\000s\000t\000<\000\040\000T\000S\000e\000q\000\040\000>\000\040\000C\000l\000a\000s\000s\000\040\000T\000e\000m\000p\000l\000a\000t\000e\000\040\000R\000e\000f\000e\000r\000e\000n\000c\000e}{chapter.14}% 105
\BOOKMARK [2][-]{subsection.14.11.1}{\376\377\0001\0004\000.\0001\0001\000.\0001\000\040\000D\000e\000t\000a\000i\000l\000e\000d\000\040\000D\000e\000s\000c\000r\000i\000p\000t\000i\000o\000n}{section.14.11}% 106
\BOOKMARK [1][-]{section.14.12}{\376\377\0001\0004\000.\0001\0002\000\040\000e\000p\000i\000w\000o\000r\000l\000d\000:\000:\000E\000n\000t\000i\000t\000i\000e\000s\000\137\000c\000o\000n\000s\000t\000<\000\040\000T\000S\000e\000q\000\040\000>\000\040\000C\000l\000a\000s\000s\000\040\000T\000e\000m\000p\000l\000a\000t\000e\000\040\000R\000e\000f\000e\000r\000e\000n\000c\000e}{chapter.14}% 107
\BOOKMARK [2][-]{subsection.14.12.1}{\376\377\0001\0004\000.\0001\0002\000.\0001\000\040\000D\000e\000t\000a\000i\000l\000e\000d\000\040\000D\000e\000s\000c\000r\000i\000p\000t\000i\000o\000n}{section.14.12}% 108
\BOOKMARK [1][-]{section.14.13}{\376\377\0001\0004\000.\0001\0003\000\040\000E\000n\000t\000i\000t\000y\000<\000\040\000T\000S\000e\000q\000\040\000>\000\040\000C\000l\000a\000s\000s\000\040\000T\000e\000m\000p\000l\000a\000t\000e\000\040\000R\000e\000f\000e\000r\000e\000n\000c\000e}{chapter.14}% 109
\BOOKMARK [2][-]{subsection.14.13.1}{\376\377\0001\0004\000.\0001\0003\000.\0001\000\040\000F\000r\000i\000e\000n\000d\000s\000\040\000A\000n\000d\000\040\000R\000e\000l\000a\000t\000e\000d\000\040\000F\000u\000n\000c\000t\000i\000o\000n\000\040\000D\000o\000c\000u\000m\000e\000n\000t\000a\000t\000i\000o\000n}{section.14.13}% 110
\BOOKMARK [3][-]{subsubsection.14.13.1.1}{\376\377\0001\0004\000.\0001\0003\000.\0001\000.\0001\000\040\000d\000e\000f\000a\000u\000l\000t\000\137\000r\000m\000\137\000e\000n\000t\000i\000t\000y}{subsection.14.13.1}% 111
\BOOKMARK [1][-]{section.14.14}{\376\377\0001\0004\000.\0001\0004\000\040\000e\000p\000i\000w\000o\000r\000l\000d\000:\000:\000E\000n\000t\000i\000t\000y\000<\000\040\000T\000S\000e\000q\000\040\000>\000\040\000C\000l\000a\000s\000s\000\040\000T\000e\000m\000p\000l\000a\000t\000e\000\040\000R\000e\000f\000e\000r\000e\000n\000c\000e}{chapter.14}% 112
\BOOKMARK [2][-]{subsection.14.14.1}{\376\377\0001\0004\000.\0001\0004\000.\0001\000\040\000F\000r\000i\000e\000n\000d\000s\000\040\000A\000n\000d\000\040\000R\000e\000l\000a\000t\000e\000d\000\040\000F\000u\000n\000c\000t\000i\000o\000n\000\040\000D\000o\000c\000u\000m\000e\000n\000t\000a\000t\000i\000o\000n}{section.14.14}% 113
\BOOKMARK [3][-]{subsubsection.14.14.1.1}{\376\377\0001\0004\000.\0001\0004\000.\0001\000.\0001\000\040\000d\000e\000f\000a\000u\000l\000t\000\137\000r\000m\000\137\000e\000n\000t\000i\000t\000y}{subsection.14.14.1}% 114
\BOOKMARK [1][-]{section.14.15}{\376\377\0001\0004\000.\0001\0005\000\040\000e\000p\000i\000w\000o\000r\000l\000d\000:\000:\000E\000v\000e\000n\000t\000<\000\040\000T\000S\000e\000q\000\040\000>\000\040\000S\000t\000r\000u\000c\000t\000\040\000T\000e\000m\000p\000l\000a\000t\000e\000\040\000R\000e\000f\000e\000r\000e\000n\000c\000e}{chapter.14}% 115
\BOOKMARK [2][-]{subsection.14.15.1}{\376\377\0001\0004\000.\0001\0005\000.\0001\000\040\000D\000e\000t\000a\000i\000l\000e\000d\000\040\000D\000e\000s\000c\000r\000i\000p\000t\000i\000o\000n}{section.14.15}% 116
\BOOKMARK [2][-]{subsection.14.15.2}{\376\377\0001\0004\000.\0001\0005\000.\0002\000\040\000C\000o\000n\000s\000t\000r\000u\000c\000t\000o\000r\000\040\000\046\000\040\000D\000e\000s\000t\000r\000u\000c\000t\000o\000r\000\040\000D\000o\000c\000u\000m\000e\000n\000t\000a\000t\000i\000o\000n}{section.14.15}% 117
\BOOKMARK [3][-]{subsubsection.14.15.2.1}{\376\377\0001\0004\000.\0001\0005\000.\0002\000.\0001\000\040\000E\000v\000e\000n\000t\000\050\000\051}{subsection.14.15.2}% 118
\BOOKMARK [1][-]{section.14.16}{\376\377\0001\0004\000.\0001\0006\000\040\000E\000v\000e\000n\000t\000<\000\040\000T\000S\000e\000q\000\040\000>\000\040\000S\000t\000r\000u\000c\000t\000\040\000T\000e\000m\000p\000l\000a\000t\000e\000\040\000R\000e\000f\000e\000r\000e\000n\000c\000e}{chapter.14}% 119
\BOOKMARK [2][-]{subsection.14.16.1}{\376\377\0001\0004\000.\0001\0006\000.\0001\000\040\000D\000e\000t\000a\000i\000l\000e\000d\000\040\000D\000e\000s\000c\000r\000i\000p\000t\000i\000o\000n}{section.14.16}% 120
\BOOKMARK [2][-]{subsection.14.16.2}{\376\377\0001\0004\000.\0001\0006\000.\0002\000\040\000C\000o\000n\000s\000t\000r\000u\000c\000t\000o\000r\000\040\000\046\000\040\000D\000e\000s\000t\000r\000u\000c\000t\000o\000r\000\040\000D\000o\000c\000u\000m\000e\000n\000t\000a\000t\000i\000o\000n}{section.14.16}% 121
\BOOKMARK [3][-]{subsubsection.14.16.2.1}{\376\377\0001\0004\000.\0001\0006\000.\0002\000.\0001\000\040\000E\000v\000e\000n\000t\000\050\000\051}{subsection.14.16.2}% 122
\BOOKMARK [1][-]{section.14.17}{\376\377\0001\0004\000.\0001\0007\000\040\000e\000p\000i\000w\000o\000r\000l\000d\000:\000:\000G\000l\000o\000b\000a\000l\000E\000v\000e\000n\000t\000<\000\040\000T\000S\000e\000q\000\040\000>\000\040\000C\000l\000a\000s\000s\000\040\000T\000e\000m\000p\000l\000a\000t\000e\000\040\000R\000e\000f\000e\000r\000e\000n\000c\000e}{chapter.14}% 123
\BOOKMARK [2][-]{subsection.14.17.1}{\376\377\0001\0004\000.\0001\0007\000.\0001\000\040\000D\000e\000t\000a\000i\000l\000e\000d\000\040\000D\000e\000s\000c\000r\000i\000p\000t\000i\000o\000n}{section.14.17}% 124
\BOOKMARK [2][-]{subsection.14.17.2}{\376\377\0001\0004\000.\0001\0007\000.\0002\000\040\000C\000o\000n\000s\000t\000r\000u\000c\000t\000o\000r\000\040\000\046\000\040\000D\000e\000s\000t\000r\000u\000c\000t\000o\000r\000\040\000D\000o\000c\000u\000m\000e\000n\000t\000a\000t\000i\000o\000n}{section.14.17}% 125
\BOOKMARK [3][-]{subsubsection.14.17.2.1}{\376\377\0001\0004\000.\0001\0007\000.\0002\000.\0001\000\040\000G\000l\000o\000b\000a\000l\000E\000v\000e\000n\000t\000\050\000\051}{subsection.14.17.2}% 126
\BOOKMARK [1][-]{section.14.18}{\376\377\0001\0004\000.\0001\0008\000\040\000G\000l\000o\000b\000a\000l\000E\000v\000e\000n\000t\000<\000\040\000T\000S\000e\000q\000\040\000>\000\040\000C\000l\000a\000s\000s\000\040\000T\000e\000m\000p\000l\000a\000t\000e\000\040\000R\000e\000f\000e\000r\000e\000n\000c\000e}{chapter.14}% 127
\BOOKMARK [2][-]{subsection.14.18.1}{\376\377\0001\0004\000.\0001\0008\000.\0001\000\040\000D\000e\000t\000a\000i\000l\000e\000d\000\040\000D\000e\000s\000c\000r\000i\000p\000t\000i\000o\000n}{section.14.18}% 128
\BOOKMARK [2][-]{subsection.14.18.2}{\376\377\0001\0004\000.\0001\0008\000.\0002\000\040\000C\000o\000n\000s\000t\000r\000u\000c\000t\000o\000r\000\040\000\046\000\040\000D\000e\000s\000t\000r\000u\000c\000t\000o\000r\000\040\000D\000o\000c\000u\000m\000e\000n\000t\000a\000t\000i\000o\000n}{section.14.18}% 129
\BOOKMARK [3][-]{subsubsection.14.18.2.1}{\376\377\0001\0004\000.\0001\0008\000.\0002\000.\0001\000\040\000G\000l\000o\000b\000a\000l\000E\000v\000e\000n\000t\000\050\000\051}{subsection.14.18.2}% 130
\BOOKMARK [1][-]{section.14.19}{\376\377\0001\0004\000.\0001\0009\000\040\000e\000p\000i\000w\000o\000r\000l\000d\000:\000:\000L\000F\000M\000C\000M\000C\000<\000\040\000T\000D\000a\000t\000a\000\040\000>\000\040\000C\000l\000a\000s\000s\000\040\000T\000e\000m\000p\000l\000a\000t\000e\000\040\000R\000e\000f\000e\000r\000e\000n\000c\000e}{chapter.14}% 131
\BOOKMARK [2][-]{subsection.14.19.1}{\376\377\0001\0004\000.\0001\0009\000.\0001\000\040\000D\000e\000t\000a\000i\000l\000e\000d\000\040\000D\000e\000s\000c\000r\000i\000p\000t\000i\000o\000n}{section.14.19}% 132
\BOOKMARK [1][-]{section.14.20}{\376\377\0001\0004\000.\0002\0000\000\040\000L\000F\000M\000C\000M\000C\000<\000\040\000T\000D\000a\000t\000a\000\040\000>\000\040\000C\000l\000a\000s\000s\000\040\000T\000e\000m\000p\000l\000a\000t\000e\000\040\000R\000e\000f\000e\000r\000e\000n\000c\000e}{chapter.14}% 133
\BOOKMARK [2][-]{subsection.14.20.1}{\376\377\0001\0004\000.\0002\0000\000.\0001\000\040\000D\000e\000t\000a\000i\000l\000e\000d\000\040\000D\000e\000s\000c\000r\000i\000p\000t\000i\000o\000n}{section.14.20}% 134
\BOOKMARK [1][-]{section.14.21}{\376\377\0001\0004\000.\0002\0001\000\040\000e\000p\000i\000w\000o\000r\000l\000d\000:\000:\000M\000o\000d\000e\000l\000<\000\040\000T\000S\000e\000q\000\040\000>\000\040\000C\000l\000a\000s\000s\000\040\000T\000e\000m\000p\000l\000a\000t\000e\000\040\000R\000e\000f\000e\000r\000e\000n\000c\000e}{chapter.14}% 135
\BOOKMARK [2][-]{subsection.14.21.1}{\376\377\0001\0004\000.\0002\0001\000.\0001\000\040\000D\000e\000t\000a\000i\000l\000e\000d\000\040\000D\000e\000s\000c\000r\000i\000p\000t\000i\000o\000n}{section.14.21}% 136
\BOOKMARK [2][-]{subsection.14.21.2}{\376\377\0001\0004\000.\0002\0001\000.\0002\000\040\000M\000e\000m\000b\000e\000r\000\040\000F\000u\000n\000c\000t\000i\000o\000n\000\040\000D\000o\000c\000u\000m\000e\000n\000t\000a\000t\000i\000o\000n}{section.14.21}% 137
\BOOKMARK [3][-]{subsubsection.14.21.2.1}{\376\377\0001\0004\000.\0002\0001\000.\0002\000.\0001\000\040\000a\000d\000d\000\137\000g\000l\000o\000b\000a\000l\000e\000v\000e\000n\000t\000\050\000\051}{subsection.14.21.2}% 138
\BOOKMARK [3][-]{subsubsection.14.21.2.2}{\376\377\0001\0004\000.\0002\0001\000.\0002\000.\0002\000\040\000c\000l\000o\000n\000e\000\137\000p\000t\000r\000\050\000\051}{subsection.14.21.2}% 139
\BOOKMARK [3][-]{subsubsection.14.21.2.3}{\376\377\0001\0004\000.\0002\0001\000.\0002\000.\0003\000\040\000e\000v\000e\000n\000t\000s\000\137\000a\000d\000d\000\050\000\051}{subsection.14.21.2}% 140
\BOOKMARK [3][-]{subsubsection.14.21.2.4}{\376\377\0001\0004\000.\0002\0001\000.\0002\000.\0004\000\040\000e\000v\000e\000n\000t\000s\000\137\000r\000u\000n\000\050\000\051}{subsection.14.21.2}% 141
\BOOKMARK [3][-]{subsubsection.14.21.2.5}{\376\377\0001\0004\000.\0002\0001\000.\0002\000.\0005\000\040\000l\000o\000a\000d\000\137\000a\000g\000e\000n\000t\000s\000\137\000e\000n\000t\000i\000t\000i\000e\000s\000\137\000t\000i\000e\000s\000\050\000\051}{subsection.14.21.2}% 142
\BOOKMARK [3][-]{subsubsection.14.21.2.6}{\376\377\0001\0004\000.\0002\0001\000.\0002\000.\0006\000\040\000r\000e\000s\000e\000t\000\050\000\051}{subsection.14.21.2}% 143
\BOOKMARK [3][-]{subsubsection.14.21.2.7}{\376\377\0001\0004\000.\0002\0001\000.\0002\000.\0007\000\040\000r\000u\000n\000\137\000m\000u\000l\000t\000i\000p\000l\000e\000\050\000\051}{subsection.14.21.2}% 144
\BOOKMARK [3][-]{subsubsection.14.21.2.8}{\376\377\0001\0004\000.\0002\0001\000.\0002\000.\0008\000\040\000s\000e\000t\000\137\000a\000g\000e\000n\000t\000s\000\137\000d\000a\000t\000a\000\050\000\051}{subsection.14.21.2}% 145
\BOOKMARK [3][-]{subsubsection.14.21.2.9}{\376\377\0001\0004\000.\0002\0001\000.\0002\000.\0009\000\040\000s\000e\000t\000\137\000n\000a\000m\000e\000\050\000\051}{subsection.14.21.2}% 146
\BOOKMARK [3][-]{subsubsection.14.21.2.10}{\376\377\0001\0004\000.\0002\0001\000.\0002\000.\0001\0000\000\040\000w\000r\000i\000t\000e\000\137\000d\000a\000t\000a\000\050\000\051}{subsection.14.21.2}% 147
\BOOKMARK [2][-]{subsection.14.21.3}{\376\377\0001\0004\000.\0002\0001\000.\0003\000\040\000M\000e\000m\000b\000e\000r\000\040\000D\000a\000t\000a\000\040\000D\000o\000c\000u\000m\000e\000n\000t\000a\000t\000i\000o\000n}{section.14.21}% 148
\BOOKMARK [3][-]{subsubsection.14.21.3.1}{\376\377\0001\0004\000.\0002\0001\000.\0003\000.\0001\000\040\000i\000n\000i\000t\000i\000a\000l\000\137\000s\000t\000a\000t\000e\000s\000\137\000f\000u\000n}{subsection.14.21.3}% 149
\BOOKMARK [3][-]{subsubsection.14.21.3.2}{\376\377\0001\0004\000.\0002\0001\000.\0003\000.\0002\000\040\000r\000b\000i\000n\000o\000m\000d}{subsection.14.21.3}% 150
\BOOKMARK [3][-]{subsubsection.14.21.3.3}{\376\377\0001\0004\000.\0002\0001\000.\0003\000.\0003\000\040\000r\000e\000x\000p\000d}{subsection.14.21.3}% 151
\BOOKMARK [3][-]{subsubsection.14.21.3.4}{\376\377\0001\0004\000.\0002\0001\000.\0003\000.\0004\000\040\000r\000g\000a\000m\000m\000a\000d}{subsection.14.21.3}% 152
\BOOKMARK [3][-]{subsubsection.14.21.3.5}{\376\377\0001\0004\000.\0002\0001\000.\0003\000.\0005\000\040\000r\000l\000o\000g\000n\000o\000r\000m\000a\000l\000d}{subsection.14.21.3}% 153
\BOOKMARK [3][-]{subsubsection.14.21.3.6}{\376\377\0001\0004\000.\0002\0001\000.\0003\000.\0006\000\040\000r\000n\000o\000r\000m\000d}{subsection.14.21.3}% 154
\BOOKMARK [3][-]{subsubsection.14.21.3.7}{\376\377\0001\0004\000.\0002\0001\000.\0003\000.\0007\000\040\000r\000u\000n\000i\000f\000d}{subsection.14.21.3}% 155
\BOOKMARK [3][-]{subsubsection.14.21.3.8}{\376\377\0001\0004\000.\0002\0001\000.\0003\000.\0008\000\040\000t\000i\000m\000e\000\137\000e\000l\000a\000p\000s\000e\000d}{subsection.14.21.3}% 156
\BOOKMARK [1][-]{section.14.22}{\376\377\0001\0004\000.\0002\0002\000\040\000M\000o\000d\000e\000l\000<\000\040\000T\000S\000e\000q\000\040\000>\000\040\000C\000l\000a\000s\000s\000\040\000T\000e\000m\000p\000l\000a\000t\000e\000\040\000R\000e\000f\000e\000r\000e\000n\000c\000e}{chapter.14}% 157
\BOOKMARK [2][-]{subsection.14.22.1}{\376\377\0001\0004\000.\0002\0002\000.\0001\000\040\000D\000e\000t\000a\000i\000l\000e\000d\000\040\000D\000e\000s\000c\000r\000i\000p\000t\000i\000o\000n}{section.14.22}% 158
\BOOKMARK [2][-]{subsection.14.22.2}{\376\377\0001\0004\000.\0002\0002\000.\0002\000\040\000M\000e\000m\000b\000e\000r\000\040\000F\000u\000n\000c\000t\000i\000o\000n\000\040\000D\000o\000c\000u\000m\000e\000n\000t\000a\000t\000i\000o\000n}{section.14.22}% 159
\BOOKMARK [3][-]{subsubsection.14.22.2.1}{\376\377\0001\0004\000.\0002\0002\000.\0002\000.\0001\000\040\000a\000d\000d\000\137\000g\000l\000o\000b\000a\000l\000e\000v\000e\000n\000t\000\050\000\051}{subsection.14.22.2}% 160
\BOOKMARK [3][-]{subsubsection.14.22.2.2}{\376\377\0001\0004\000.\0002\0002\000.\0002\000.\0002\000\040\000c\000l\000o\000n\000e\000\137\000p\000t\000r\000\050\000\051}{subsection.14.22.2}% 161
\BOOKMARK [3][-]{subsubsection.14.22.2.3}{\376\377\0001\0004\000.\0002\0002\000.\0002\000.\0003\000\040\000e\000v\000e\000n\000t\000s\000\137\000a\000d\000d\000\050\000\051}{subsection.14.22.2}% 162
\BOOKMARK [3][-]{subsubsection.14.22.2.4}{\376\377\0001\0004\000.\0002\0002\000.\0002\000.\0004\000\040\000e\000v\000e\000n\000t\000s\000\137\000r\000u\000n\000\050\000\051}{subsection.14.22.2}% 163
\BOOKMARK [3][-]{subsubsection.14.22.2.5}{\376\377\0001\0004\000.\0002\0002\000.\0002\000.\0005\000\040\000l\000o\000a\000d\000\137\000a\000g\000e\000n\000t\000s\000\137\000e\000n\000t\000i\000t\000i\000e\000s\000\137\000t\000i\000e\000s\000\050\000\051}{subsection.14.22.2}% 164
\BOOKMARK [3][-]{subsubsection.14.22.2.6}{\376\377\0001\0004\000.\0002\0002\000.\0002\000.\0006\000\040\000r\000e\000s\000e\000t\000\050\000\051}{subsection.14.22.2}% 165
\BOOKMARK [3][-]{subsubsection.14.22.2.7}{\376\377\0001\0004\000.\0002\0002\000.\0002\000.\0007\000\040\000r\000u\000n\000\137\000m\000u\000l\000t\000i\000p\000l\000e\000\050\000\051}{subsection.14.22.2}% 166
\BOOKMARK [3][-]{subsubsection.14.22.2.8}{\376\377\0001\0004\000.\0002\0002\000.\0002\000.\0008\000\040\000s\000e\000t\000\137\000a\000g\000e\000n\000t\000s\000\137\000d\000a\000t\000a\000\050\000\051}{subsection.14.22.2}% 167
\BOOKMARK [3][-]{subsubsection.14.22.2.9}{\376\377\0001\0004\000.\0002\0002\000.\0002\000.\0009\000\040\000s\000e\000t\000\137\000n\000a\000m\000e\000\050\000\051}{subsection.14.22.2}% 168
\BOOKMARK [3][-]{subsubsection.14.22.2.10}{\376\377\0001\0004\000.\0002\0002\000.\0002\000.\0001\0000\000\040\000w\000r\000i\000t\000e\000\137\000d\000a\000t\000a\000\050\000\051}{subsection.14.22.2}% 169
\BOOKMARK [2][-]{subsection.14.22.3}{\376\377\0001\0004\000.\0002\0002\000.\0003\000\040\000M\000e\000m\000b\000e\000r\000\040\000D\000a\000t\000a\000\040\000D\000o\000c\000u\000m\000e\000n\000t\000a\000t\000i\000o\000n}{section.14.22}% 170
\BOOKMARK [3][-]{subsubsection.14.22.3.1}{\376\377\0001\0004\000.\0002\0002\000.\0003\000.\0001\000\040\000i\000n\000i\000t\000i\000a\000l\000\137\000s\000t\000a\000t\000e\000s\000\137\000f\000u\000n}{subsection.14.22.3}% 171
\BOOKMARK [3][-]{subsubsection.14.22.3.2}{\376\377\0001\0004\000.\0002\0002\000.\0003\000.\0002\000\040\000r\000b\000i\000n\000o\000m\000d}{subsection.14.22.3}% 172
\BOOKMARK [3][-]{subsubsection.14.22.3.3}{\376\377\0001\0004\000.\0002\0002\000.\0003\000.\0003\000\040\000r\000e\000x\000p\000d}{subsection.14.22.3}% 173
\BOOKMARK [3][-]{subsubsection.14.22.3.4}{\376\377\0001\0004\000.\0002\0002\000.\0003\000.\0004\000\040\000r\000g\000a\000m\000m\000a\000d}{subsection.14.22.3}% 174
\BOOKMARK [3][-]{subsubsection.14.22.3.5}{\376\377\0001\0004\000.\0002\0002\000.\0003\000.\0005\000\040\000r\000l\000o\000g\000n\000o\000r\000m\000a\000l\000d}{subsection.14.22.3}% 175
\BOOKMARK [3][-]{subsubsection.14.22.3.6}{\376\377\0001\0004\000.\0002\0002\000.\0003\000.\0006\000\040\000r\000n\000o\000r\000m\000d}{subsection.14.22.3}% 176
\BOOKMARK [3][-]{subsubsection.14.22.3.7}{\376\377\0001\0004\000.\0002\0002\000.\0003\000.\0007\000\040\000r\000u\000n\000i\000f\000d}{subsection.14.22.3}% 177
\BOOKMARK [3][-]{subsubsection.14.22.3.8}{\376\377\0001\0004\000.\0002\0002\000.\0003\000.\0008\000\040\000t\000i\000m\000e\000\137\000e\000l\000a\000p\000s\000e\000d}{subsection.14.22.3}% 178
\BOOKMARK [1][-]{section.14.23}{\376\377\0001\0004\000.\0002\0003\000\040\000e\000p\000i\000w\000o\000r\000l\000d\000:\000:\000e\000p\000i\000m\000o\000d\000e\000l\000s\000:\000:\000M\000o\000d\000e\000l\000D\000i\000f\000f\000N\000e\000t\000<\000\040\000T\000S\000e\000q\000\040\000>\000\040\000C\000l\000a\000s\000s\000\040\000T\000e\000m\000p\000l\000a\000t\000e\000\040\000R\000e\000f\000e\000r\000e\000n\000c\000e}{chapter.14}% 179
\BOOKMARK [2][-]{subsection.14.23.1}{\376\377\0001\0004\000.\0002\0003\000.\0001\000\040\000D\000e\000t\000a\000i\000l\000e\000d\000\040\000D\000e\000s\000c\000r\000i\000p\000t\000i\000o\000n}{section.14.23}% 180
\BOOKMARK [1][-]{section.14.24}{\376\377\0001\0004\000.\0002\0004\000\040\000M\000o\000d\000e\000l\000D\000i\000f\000f\000N\000e\000t\000<\000\040\000T\000S\000e\000q\000\040\000>\000\040\000C\000l\000a\000s\000s\000\040\000T\000e\000m\000p\000l\000a\000t\000e\000\040\000R\000e\000f\000e\000r\000e\000n\000c\000e}{chapter.14}% 181
\BOOKMARK [2][-]{subsection.14.24.1}{\376\377\0001\0004\000.\0002\0004\000.\0001\000\040\000D\000e\000t\000a\000i\000l\000e\000d\000\040\000D\000e\000s\000c\000r\000i\000p\000t\000i\000o\000n}{section.14.24}% 182
\BOOKMARK [1][-]{section.14.25}{\376\377\0001\0004\000.\0002\0005\000\040\000e\000p\000i\000w\000o\000r\000l\000d\000:\000:\000e\000p\000i\000m\000o\000d\000e\000l\000s\000:\000:\000M\000o\000d\000e\000l\000S\000E\000I\000R\000<\000\040\000T\000S\000e\000q\000\040\000>\000\040\000C\000l\000a\000s\000s\000\040\000T\000e\000m\000p\000l\000a\000t\000e\000\040\000R\000e\000f\000e\000r\000e\000n\000c\000e}{chapter.14}% 183
\BOOKMARK [2][-]{subsection.14.25.1}{\376\377\0001\0004\000.\0002\0005\000.\0001\000\040\000D\000e\000t\000a\000i\000l\000e\000d\000\040\000D\000e\000s\000c\000r\000i\000p\000t\000i\000o\000n}{section.14.25}% 184
\BOOKMARK [2][-]{subsection.14.25.2}{\376\377\0001\0004\000.\0002\0005\000.\0002\000\040\000M\000e\000m\000b\000e\000r\000\040\000F\000u\000n\000c\000t\000i\000o\000n\000\040\000D\000o\000c\000u\000m\000e\000n\000t\000a\000t\000i\000o\000n}{section.14.25}% 185
\BOOKMARK [3][-]{subsubsection.14.25.2.1}{\376\377\0001\0004\000.\0002\0005\000.\0002\000.\0001\000\040\000i\000n\000i\000t\000i\000a\000l\000\137\000s\000t\000a\000t\000e\000s\000\050\000\051}{subsection.14.25.2}% 186
\BOOKMARK [2][-]{subsection.14.25.3}{\376\377\0001\0004\000.\0002\0005\000.\0003\000\040\000M\000e\000m\000b\000e\000r\000\040\000D\000a\000t\000a\000\040\000D\000o\000c\000u\000m\000e\000n\000t\000a\000t\000i\000o\000n}{section.14.25}% 187
\BOOKMARK [3][-]{subsubsection.14.25.3.1}{\376\377\0001\0004\000.\0002\0005\000.\0003\000.\0001\000\040\000u\000p\000d\000a\000t\000e\000\137\000e\000x\000p\000o\000s\000e\000d\000\137\000s\000e\000i\000r}{subsection.14.25.3}% 188
\BOOKMARK [3][-]{subsubsection.14.25.3.2}{\376\377\0001\0004\000.\0002\0005\000.\0003\000.\0002\000\040\000u\000p\000d\000a\000t\000e\000\137\000i\000n\000f\000e\000c\000t\000e\000d\000\137\000s\000e\000i\000r}{subsection.14.25.3}% 189
\BOOKMARK [1][-]{section.14.26}{\376\377\0001\0004\000.\0002\0006\000\040\000M\000o\000d\000e\000l\000S\000E\000I\000R\000<\000\040\000T\000S\000e\000q\000\040\000>\000\040\000C\000l\000a\000s\000s\000\040\000T\000e\000m\000p\000l\000a\000t\000e\000\040\000R\000e\000f\000e\000r\000e\000n\000c\000e}{chapter.14}% 190
\BOOKMARK [2][-]{subsection.14.26.1}{\376\377\0001\0004\000.\0002\0006\000.\0001\000\040\000D\000e\000t\000a\000i\000l\000e\000d\000\040\000D\000e\000s\000c\000r\000i\000p\000t\000i\000o\000n}{section.14.26}% 191
\BOOKMARK [2][-]{subsection.14.26.2}{\376\377\0001\0004\000.\0002\0006\000.\0002\000\040\000M\000e\000m\000b\000e\000r\000\040\000F\000u\000n\000c\000t\000i\000o\000n\000\040\000D\000o\000c\000u\000m\000e\000n\000t\000a\000t\000i\000o\000n}{section.14.26}% 192
\BOOKMARK [3][-]{subsubsection.14.26.2.1}{\376\377\0001\0004\000.\0002\0006\000.\0002\000.\0001\000\040\000i\000n\000i\000t\000i\000a\000l\000\137\000s\000t\000a\000t\000e\000s\000\050\000\051}{subsection.14.26.2}% 193
\BOOKMARK [2][-]{subsection.14.26.3}{\376\377\0001\0004\000.\0002\0006\000.\0003\000\040\000M\000e\000m\000b\000e\000r\000\040\000D\000a\000t\000a\000\040\000D\000o\000c\000u\000m\000e\000n\000t\000a\000t\000i\000o\000n}{section.14.26}% 194
\BOOKMARK [3][-]{subsubsection.14.26.3.1}{\376\377\0001\0004\000.\0002\0006\000.\0003\000.\0001\000\040\000u\000p\000d\000a\000t\000e\000\137\000e\000x\000p\000o\000s\000e\000d\000\137\000s\000e\000i\000r}{subsection.14.26.3}% 195
\BOOKMARK [3][-]{subsubsection.14.26.3.2}{\376\377\0001\0004\000.\0002\0006\000.\0003\000.\0002\000\040\000u\000p\000d\000a\000t\000e\000\137\000i\000n\000f\000e\000c\000t\000e\000d\000\137\000s\000e\000i\000r}{subsection.14.26.3}% 196
\BOOKMARK [1][-]{section.14.27}{\376\377\0001\0004\000.\0002\0007\000\040\000e\000p\000i\000w\000o\000r\000l\000d\000:\000:\000e\000p\000i\000m\000o\000d\000e\000l\000s\000:\000:\000M\000o\000d\000e\000l\000S\000E\000I\000R\000C\000O\000N\000N\000<\000\040\000T\000S\000e\000q\000\040\000>\000\040\000C\000l\000a\000s\000s\000\040\000T\000e\000m\000p\000l\000a\000t\000e\000\040\000R\000e\000f\000e\000r\000e\000n\000c\000e}{chapter.14}% 197
\BOOKMARK [2][-]{subsection.14.27.1}{\376\377\0001\0004\000.\0002\0007\000.\0001\000\040\000C\000o\000n\000s\000t\000r\000u\000c\000t\000o\000r\000\040\000\046\000\040\000D\000e\000s\000t\000r\000u\000c\000t\000o\000r\000\040\000D\000o\000c\000u\000m\000e\000n\000t\000a\000t\000i\000o\000n}{section.14.27}% 198
\BOOKMARK [3][-]{subsubsection.14.27.1.1}{\376\377\0001\0004\000.\0002\0007\000.\0001\000.\0001\000\040\000M\000o\000d\000e\000l\000S\000E\000I\000R\000C\000O\000N\000N\000\050\000\051}{subsection.14.27.1}% 199
\BOOKMARK [2][-]{subsection.14.27.2}{\376\377\0001\0004\000.\0002\0007\000.\0002\000\040\000M\000e\000m\000b\000e\000r\000\040\000F\000u\000n\000c\000t\000i\000o\000n\000\040\000D\000o\000c\000u\000m\000e\000n\000t\000a\000t\000i\000o\000n}{section.14.27}% 200
\BOOKMARK [3][-]{subsubsection.14.27.2.1}{\376\377\0001\0004\000.\0002\0007\000.\0002\000.\0001\000\040\000c\000l\000o\000n\000e\000\137\000p\000t\000r\000\050\000\051}{subsection.14.27.2}% 201
\BOOKMARK [3][-]{subsubsection.14.27.2.2}{\376\377\0001\0004\000.\0002\0007\000.\0002\000.\0002\000\040\000i\000n\000i\000t\000i\000a\000l\000\137\000s\000t\000a\000t\000e\000s\000\050\000\051}{subsection.14.27.2}% 202
\BOOKMARK [3][-]{subsubsection.14.27.2.3}{\376\377\0001\0004\000.\0002\0007\000.\0002\000.\0003\000\040\000r\000e\000s\000e\000t\000\050\000\051}{subsection.14.27.2}% 203
\BOOKMARK [1][-]{section.14.28}{\376\377\0001\0004\000.\0002\0008\000\040\000M\000o\000d\000e\000l\000S\000E\000I\000R\000C\000O\000N\000N\000<\000\040\000T\000S\000e\000q\000\040\000>\000\040\000C\000l\000a\000s\000s\000\040\000T\000e\000m\000p\000l\000a\000t\000e\000\040\000R\000e\000f\000e\000r\000e\000n\000c\000e}{chapter.14}% 204
\BOOKMARK [2][-]{subsection.14.28.1}{\376\377\0001\0004\000.\0002\0008\000.\0001\000\040\000C\000o\000n\000s\000t\000r\000u\000c\000t\000o\000r\000\040\000\046\000\040\000D\000e\000s\000t\000r\000u\000c\000t\000o\000r\000\040\000D\000o\000c\000u\000m\000e\000n\000t\000a\000t\000i\000o\000n}{section.14.28}% 205
\BOOKMARK [3][-]{subsubsection.14.28.1.1}{\376\377\0001\0004\000.\0002\0008\000.\0001\000.\0001\000\040\000M\000o\000d\000e\000l\000S\000E\000I\000R\000C\000O\000N\000N\000\050\000\051}{subsection.14.28.1}% 206
\BOOKMARK [2][-]{subsection.14.28.2}{\376\377\0001\0004\000.\0002\0008\000.\0002\000\040\000M\000e\000m\000b\000e\000r\000\040\000F\000u\000n\000c\000t\000i\000o\000n\000\040\000D\000o\000c\000u\000m\000e\000n\000t\000a\000t\000i\000o\000n}{section.14.28}% 207
\BOOKMARK [3][-]{subsubsection.14.28.2.1}{\376\377\0001\0004\000.\0002\0008\000.\0002\000.\0001\000\040\000c\000l\000o\000n\000e\000\137\000p\000t\000r\000\050\000\051}{subsection.14.28.2}% 208
\BOOKMARK [3][-]{subsubsection.14.28.2.2}{\376\377\0001\0004\000.\0002\0008\000.\0002\000.\0002\000\040\000i\000n\000i\000t\000i\000a\000l\000\137\000s\000t\000a\000t\000e\000s\000\050\000\051}{subsection.14.28.2}% 209
\BOOKMARK [3][-]{subsubsection.14.28.2.3}{\376\377\0001\0004\000.\0002\0008\000.\0002\000.\0003\000\040\000r\000e\000s\000e\000t\000\050\000\051}{subsection.14.28.2}% 210
\BOOKMARK [1][-]{section.14.29}{\376\377\0001\0004\000.\0002\0009\000\040\000M\000o\000d\000e\000l\000S\000E\000I\000R\000C\000O\000N\000N\000L\000o\000g\000i\000t\000<\000\040\000T\000S\000e\000q\000\040\000>\000\040\000C\000l\000a\000s\000s\000\040\000T\000e\000m\000p\000l\000a\000t\000e\000\040\000R\000e\000f\000e\000r\000e\000n\000c\000e}{chapter.14}% 211
\BOOKMARK [2][-]{subsection.14.29.1}{\376\377\0001\0004\000.\0002\0009\000.\0001\000\040\000C\000o\000n\000s\000t\000r\000u\000c\000t\000o\000r\000\040\000\046\000\040\000D\000e\000s\000t\000r\000u\000c\000t\000o\000r\000\040\000D\000o\000c\000u\000m\000e\000n\000t\000a\000t\000i\000o\000n}{section.14.29}% 212
\BOOKMARK [3][-]{subsubsection.14.29.1.1}{\376\377\0001\0004\000.\0002\0009\000.\0001\000.\0001\000\040\000M\000o\000d\000e\000l\000S\000E\000I\000R\000C\000O\000N\000N\000L\000o\000g\000i\000t\000\050\000\051}{subsection.14.29.1}% 213
\BOOKMARK [1][-]{section.14.30}{\376\377\0001\0004\000.\0003\0000\000\040\000e\000p\000i\000w\000o\000r\000l\000d\000:\000:\000e\000p\000i\000m\000o\000d\000e\000l\000s\000:\000:\000M\000o\000d\000e\000l\000S\000E\000I\000R\000D\000<\000\040\000T\000S\000e\000q\000\040\000>\000\040\000C\000l\000a\000s\000s\000\040\000T\000e\000m\000p\000l\000a\000t\000e\000\040\000R\000e\000f\000e\000r\000e\000n\000c\000e}{chapter.14}% 214
\BOOKMARK [2][-]{subsection.14.30.1}{\376\377\0001\0004\000.\0003\0000\000.\0001\000\040\000D\000e\000t\000a\000i\000l\000e\000d\000\040\000D\000e\000s\000c\000r\000i\000p\000t\000i\000o\000n}{section.14.30}% 215
\BOOKMARK [2][-]{subsection.14.30.2}{\376\377\0001\0004\000.\0003\0000\000.\0002\000\040\000C\000o\000n\000s\000t\000r\000u\000c\000t\000o\000r\000\040\000\046\000\040\000D\000e\000s\000t\000r\000u\000c\000t\000o\000r\000\040\000D\000o\000c\000u\000m\000e\000n\000t\000a\000t\000i\000o\000n}{section.14.30}% 216
\BOOKMARK [3][-]{subsubsection.14.30.2.1}{\376\377\0001\0004\000.\0003\0000\000.\0002\000.\0001\000\040\000M\000o\000d\000e\000l\000S\000E\000I\000R\000D\000\050\000\051\000\040\000[\0001\000/\0002\000]}{subsection.14.30.2}% 217
\BOOKMARK [3][-]{subsubsection.14.30.2.2}{\376\377\0001\0004\000.\0003\0000\000.\0002\000.\0002\000\040\000M\000o\000d\000e\000l\000S\000E\000I\000R\000D\000\050\000\051\000\040\000[\0002\000/\0002\000]}{subsection.14.30.2}% 218
\BOOKMARK [2][-]{subsection.14.30.3}{\376\377\0001\0004\000.\0003\0000\000.\0003\000\040\000M\000e\000m\000b\000e\000r\000\040\000D\000a\000t\000a\000\040\000D\000o\000c\000u\000m\000e\000n\000t\000a\000t\000i\000o\000n}{section.14.30}% 219
\BOOKMARK [3][-]{subsubsection.14.30.3.1}{\376\377\0001\0004\000.\0003\0000\000.\0003\000.\0001\000\040\000u\000p\000d\000a\000t\000e\000\137\000e\000x\000p\000o\000s\000e\000d\000\137\000s\000e\000i\000r}{subsection.14.30.3}% 220
\BOOKMARK [1][-]{section.14.31}{\376\377\0001\0004\000.\0003\0001\000\040\000M\000o\000d\000e\000l\000S\000E\000I\000R\000D\000<\000\040\000T\000S\000e\000q\000\040\000>\000\040\000C\000l\000a\000s\000s\000\040\000T\000e\000m\000p\000l\000a\000t\000e\000\040\000R\000e\000f\000e\000r\000e\000n\000c\000e}{chapter.14}% 221
\BOOKMARK [2][-]{subsection.14.31.1}{\376\377\0001\0004\000.\0003\0001\000.\0001\000\040\000D\000e\000t\000a\000i\000l\000e\000d\000\040\000D\000e\000s\000c\000r\000i\000p\000t\000i\000o\000n}{section.14.31}% 222
\BOOKMARK [2][-]{subsection.14.31.2}{\376\377\0001\0004\000.\0003\0001\000.\0002\000\040\000C\000o\000n\000s\000t\000r\000u\000c\000t\000o\000r\000\040\000\046\000\040\000D\000e\000s\000t\000r\000u\000c\000t\000o\000r\000\040\000D\000o\000c\000u\000m\000e\000n\000t\000a\000t\000i\000o\000n}{section.14.31}% 223
\BOOKMARK [3][-]{subsubsection.14.31.2.1}{\376\377\0001\0004\000.\0003\0001\000.\0002\000.\0001\000\040\000M\000o\000d\000e\000l\000S\000E\000I\000R\000D\000\050\000\051\000\040\000[\0001\000/\0002\000]}{subsection.14.31.2}% 224
\BOOKMARK [3][-]{subsubsection.14.31.2.2}{\376\377\0001\0004\000.\0003\0001\000.\0002\000.\0002\000\040\000M\000o\000d\000e\000l\000S\000E\000I\000R\000D\000\050\000\051\000\040\000[\0002\000/\0002\000]}{subsection.14.31.2}% 225
\BOOKMARK [2][-]{subsection.14.31.3}{\376\377\0001\0004\000.\0003\0001\000.\0003\000\040\000M\000e\000m\000b\000e\000r\000\040\000D\000a\000t\000a\000\040\000D\000o\000c\000u\000m\000e\000n\000t\000a\000t\000i\000o\000n}{section.14.31}% 226
\BOOKMARK [3][-]{subsubsection.14.31.3.1}{\376\377\0001\0004\000.\0003\0001\000.\0003\000.\0001\000\040\000u\000p\000d\000a\000t\000e\000\137\000e\000x\000p\000o\000s\000e\000d\000\137\000s\000e\000i\000r}{subsection.14.31.3}% 227
\BOOKMARK [1][-]{section.14.32}{\376\377\0001\0004\000.\0003\0002\000\040\000e\000p\000i\000w\000o\000r\000l\000d\000:\000:\000e\000p\000i\000m\000o\000d\000e\000l\000s\000:\000:\000M\000o\000d\000e\000l\000S\000E\000I\000R\000D\000C\000O\000N\000N\000<\000\040\000T\000S\000e\000q\000\040\000>\000\040\000C\000l\000a\000s\000s\000\040\000T\000e\000m\000p\000l\000a\000t\000e\000\040\000R\000e\000f\000e\000r\000e\000n\000c\000e}{chapter.14}% 228
\BOOKMARK [2][-]{subsection.14.32.1}{\376\377\0001\0004\000.\0003\0002\000.\0001\000\040\000C\000o\000n\000s\000t\000r\000u\000c\000t\000o\000r\000\040\000\046\000\040\000D\000e\000s\000t\000r\000u\000c\000t\000o\000r\000\040\000D\000o\000c\000u\000m\000e\000n\000t\000a\000t\000i\000o\000n}{section.14.32}% 229
\BOOKMARK [3][-]{subsubsection.14.32.1.1}{\376\377\0001\0004\000.\0003\0002\000.\0001\000.\0001\000\040\000M\000o\000d\000e\000l\000S\000E\000I\000R\000D\000C\000O\000N\000N\000\050\000\051}{subsection.14.32.1}% 230
\BOOKMARK [2][-]{subsection.14.32.2}{\376\377\0001\0004\000.\0003\0002\000.\0002\000\040\000M\000e\000m\000b\000e\000r\000\040\000F\000u\000n\000c\000t\000i\000o\000n\000\040\000D\000o\000c\000u\000m\000e\000n\000t\000a\000t\000i\000o\000n}{section.14.32}% 231
\BOOKMARK [3][-]{subsubsection.14.32.2.1}{\376\377\0001\0004\000.\0003\0002\000.\0002\000.\0001\000\040\000c\000l\000o\000n\000e\000\137\000p\000t\000r\000\050\000\051}{subsection.14.32.2}% 232
\BOOKMARK [3][-]{subsubsection.14.32.2.2}{\376\377\0001\0004\000.\0003\0002\000.\0002\000.\0002\000\040\000i\000n\000i\000t\000i\000a\000l\000\137\000s\000t\000a\000t\000e\000s\000\050\000\051}{subsection.14.32.2}% 233
\BOOKMARK [3][-]{subsubsection.14.32.2.3}{\376\377\0001\0004\000.\0003\0002\000.\0002\000.\0003\000\040\000r\000e\000s\000e\000t\000\050\000\051}{subsection.14.32.2}% 234
\BOOKMARK [1][-]{section.14.33}{\376\377\0001\0004\000.\0003\0003\000\040\000M\000o\000d\000e\000l\000S\000E\000I\000R\000D\000C\000O\000N\000N\000<\000\040\000T\000S\000e\000q\000\040\000>\000\040\000C\000l\000a\000s\000s\000\040\000T\000e\000m\000p\000l\000a\000t\000e\000\040\000R\000e\000f\000e\000r\000e\000n\000c\000e}{chapter.14}% 235
\BOOKMARK [2][-]{subsection.14.33.1}{\376\377\0001\0004\000.\0003\0003\000.\0001\000\040\000C\000o\000n\000s\000t\000r\000u\000c\000t\000o\000r\000\040\000\046\000\040\000D\000e\000s\000t\000r\000u\000c\000t\000o\000r\000\040\000D\000o\000c\000u\000m\000e\000n\000t\000a\000t\000i\000o\000n}{section.14.33}% 236
\BOOKMARK [3][-]{subsubsection.14.33.1.1}{\376\377\0001\0004\000.\0003\0003\000.\0001\000.\0001\000\040\000M\000o\000d\000e\000l\000S\000E\000I\000R\000D\000C\000O\000N\000N\000\050\000\051}{subsection.14.33.1}% 237
\BOOKMARK [2][-]{subsection.14.33.2}{\376\377\0001\0004\000.\0003\0003\000.\0002\000\040\000M\000e\000m\000b\000e\000r\000\040\000F\000u\000n\000c\000t\000i\000o\000n\000\040\000D\000o\000c\000u\000m\000e\000n\000t\000a\000t\000i\000o\000n}{section.14.33}% 238
\BOOKMARK [3][-]{subsubsection.14.33.2.1}{\376\377\0001\0004\000.\0003\0003\000.\0002\000.\0001\000\040\000c\000l\000o\000n\000e\000\137\000p\000t\000r\000\050\000\051}{subsection.14.33.2}% 239
\BOOKMARK [3][-]{subsubsection.14.33.2.2}{\376\377\0001\0004\000.\0003\0003\000.\0002\000.\0002\000\040\000i\000n\000i\000t\000i\000a\000l\000\137\000s\000t\000a\000t\000e\000s\000\050\000\051}{subsection.14.33.2}% 240
\BOOKMARK [3][-]{subsubsection.14.33.2.3}{\376\377\0001\0004\000.\0003\0003\000.\0002\000.\0003\000\040\000r\000e\000s\000e\000t\000\050\000\051}{subsection.14.33.2}% 241
\BOOKMARK [1][-]{section.14.34}{\376\377\0001\0004\000.\0003\0004\000\040\000e\000p\000i\000w\000o\000r\000l\000d\000:\000:\000e\000p\000i\000m\000o\000d\000e\000l\000s\000:\000:\000M\000o\000d\000e\000l\000S\000I\000R\000<\000\040\000T\000S\000e\000q\000\040\000>\000\040\000C\000l\000a\000s\000s\000\040\000T\000e\000m\000p\000l\000a\000t\000e\000\040\000R\000e\000f\000e\000r\000e\000n\000c\000e}{chapter.14}% 242
\BOOKMARK [2][-]{subsection.14.34.1}{\376\377\0001\0004\000.\0003\0004\000.\0001\000\040\000D\000e\000t\000a\000i\000l\000e\000d\000\040\000D\000e\000s\000c\000r\000i\000p\000t\000i\000o\000n}{section.14.34}% 243
\BOOKMARK [2][-]{subsection.14.34.2}{\376\377\0001\0004\000.\0003\0004\000.\0002\000\040\000M\000e\000m\000b\000e\000r\000\040\000F\000u\000n\000c\000t\000i\000o\000n\000\040\000D\000o\000c\000u\000m\000e\000n\000t\000a\000t\000i\000o\000n}{section.14.34}% 244
\BOOKMARK [3][-]{subsubsection.14.34.2.1}{\376\377\0001\0004\000.\0003\0004\000.\0002\000.\0001\000\040\000i\000n\000i\000t\000i\000a\000l\000\137\000s\000t\000a\000t\000e\000s\000\050\000\051}{subsection.14.34.2}% 245
\BOOKMARK [1][-]{section.14.35}{\376\377\0001\0004\000.\0003\0005\000\040\000M\000o\000d\000e\000l\000S\000I\000R\000<\000\040\000T\000S\000e\000q\000\040\000>\000\040\000C\000l\000a\000s\000s\000\040\000T\000e\000m\000p\000l\000a\000t\000e\000\040\000R\000e\000f\000e\000r\000e\000n\000c\000e}{chapter.14}% 246
\BOOKMARK [2][-]{subsection.14.35.1}{\376\377\0001\0004\000.\0003\0005\000.\0001\000\040\000D\000e\000t\000a\000i\000l\000e\000d\000\040\000D\000e\000s\000c\000r\000i\000p\000t\000i\000o\000n}{section.14.35}% 247
\BOOKMARK [2][-]{subsection.14.35.2}{\376\377\0001\0004\000.\0003\0005\000.\0002\000\040\000M\000e\000m\000b\000e\000r\000\040\000F\000u\000n\000c\000t\000i\000o\000n\000\040\000D\000o\000c\000u\000m\000e\000n\000t\000a\000t\000i\000o\000n}{section.14.35}% 248
\BOOKMARK [3][-]{subsubsection.14.35.2.1}{\376\377\0001\0004\000.\0003\0005\000.\0002\000.\0001\000\040\000i\000n\000i\000t\000i\000a\000l\000\137\000s\000t\000a\000t\000e\000s\000\050\000\051}{subsection.14.35.2}% 249
\BOOKMARK [1][-]{section.14.36}{\376\377\0001\0004\000.\0003\0006\000\040\000e\000p\000i\000w\000o\000r\000l\000d\000:\000:\000e\000p\000i\000m\000o\000d\000e\000l\000s\000:\000:\000M\000o\000d\000e\000l\000S\000I\000R\000C\000O\000N\000N\000<\000\040\000T\000S\000e\000q\000\040\000>\000\040\000C\000l\000a\000s\000s\000\040\000T\000e\000m\000p\000l\000a\000t\000e\000\040\000R\000e\000f\000e\000r\000e\000n\000c\000e}{chapter.14}% 250
\BOOKMARK [2][-]{subsection.14.36.1}{\376\377\0001\0004\000.\0003\0006\000.\0001\000\040\000C\000o\000n\000s\000t\000r\000u\000c\000t\000o\000r\000\040\000\046\000\040\000D\000e\000s\000t\000r\000u\000c\000t\000o\000r\000\040\000D\000o\000c\000u\000m\000e\000n\000t\000a\000t\000i\000o\000n}{section.14.36}% 251
\BOOKMARK [3][-]{subsubsection.14.36.1.1}{\376\377\0001\0004\000.\0003\0006\000.\0001\000.\0001\000\040\000M\000o\000d\000e\000l\000S\000I\000R\000C\000O\000N\000N\000\050\000\051}{subsection.14.36.1}% 252
\BOOKMARK [2][-]{subsection.14.36.2}{\376\377\0001\0004\000.\0003\0006\000.\0002\000\040\000M\000e\000m\000b\000e\000r\000\040\000F\000u\000n\000c\000t\000i\000o\000n\000\040\000D\000o\000c\000u\000m\000e\000n\000t\000a\000t\000i\000o\000n}{section.14.36}% 253
\BOOKMARK [3][-]{subsubsection.14.36.2.1}{\376\377\0001\0004\000.\0003\0006\000.\0002\000.\0001\000\040\000c\000l\000o\000n\000e\000\137\000p\000t\000r\000\050\000\051}{subsection.14.36.2}% 254
\BOOKMARK [3][-]{subsubsection.14.36.2.2}{\376\377\0001\0004\000.\0003\0006\000.\0002\000.\0002\000\040\000i\000n\000i\000t\000i\000a\000l\000\137\000s\000t\000a\000t\000e\000s\000\050\000\051}{subsection.14.36.2}% 255
\BOOKMARK [3][-]{subsubsection.14.36.2.3}{\376\377\0001\0004\000.\0003\0006\000.\0002\000.\0003\000\040\000r\000e\000s\000e\000t\000\050\000\051}{subsection.14.36.2}% 256
\BOOKMARK [1][-]{section.14.37}{\376\377\0001\0004\000.\0003\0007\000\040\000M\000o\000d\000e\000l\000S\000I\000R\000C\000O\000N\000N\000<\000\040\000T\000S\000e\000q\000\040\000>\000\040\000C\000l\000a\000s\000s\000\040\000T\000e\000m\000p\000l\000a\000t\000e\000\040\000R\000e\000f\000e\000r\000e\000n\000c\000e}{chapter.14}% 257
\BOOKMARK [2][-]{subsection.14.37.1}{\376\377\0001\0004\000.\0003\0007\000.\0001\000\040\000C\000o\000n\000s\000t\000r\000u\000c\000t\000o\000r\000\040\000\046\000\040\000D\000e\000s\000t\000r\000u\000c\000t\000o\000r\000\040\000D\000o\000c\000u\000m\000e\000n\000t\000a\000t\000i\000o\000n}{section.14.37}% 258
\BOOKMARK [3][-]{subsubsection.14.37.1.1}{\376\377\0001\0004\000.\0003\0007\000.\0001\000.\0001\000\040\000M\000o\000d\000e\000l\000S\000I\000R\000C\000O\000N\000N\000\050\000\051}{subsection.14.37.1}% 259
\BOOKMARK [2][-]{subsection.14.37.2}{\376\377\0001\0004\000.\0003\0007\000.\0002\000\040\000M\000e\000m\000b\000e\000r\000\040\000F\000u\000n\000c\000t\000i\000o\000n\000\040\000D\000o\000c\000u\000m\000e\000n\000t\000a\000t\000i\000o\000n}{section.14.37}% 260
\BOOKMARK [3][-]{subsubsection.14.37.2.1}{\376\377\0001\0004\000.\0003\0007\000.\0002\000.\0001\000\040\000c\000l\000o\000n\000e\000\137\000p\000t\000r\000\050\000\051}{subsection.14.37.2}% 261
\BOOKMARK [3][-]{subsubsection.14.37.2.2}{\376\377\0001\0004\000.\0003\0007\000.\0002\000.\0002\000\040\000i\000n\000i\000t\000i\000a\000l\000\137\000s\000t\000a\000t\000e\000s\000\050\000\051}{subsection.14.37.2}% 262
\BOOKMARK [3][-]{subsubsection.14.37.2.3}{\376\377\0001\0004\000.\0003\0007\000.\0002\000.\0003\000\040\000r\000e\000s\000e\000t\000\050\000\051}{subsection.14.37.2}% 263
\BOOKMARK [1][-]{section.14.38}{\376\377\0001\0004\000.\0003\0008\000\040\000e\000p\000i\000w\000o\000r\000l\000d\000:\000:\000e\000p\000i\000m\000o\000d\000e\000l\000s\000:\000:\000M\000o\000d\000e\000l\000S\000I\000R\000D\000<\000\040\000T\000S\000e\000q\000\040\000>\000\040\000C\000l\000a\000s\000s\000\040\000T\000e\000m\000p\000l\000a\000t\000e\000\040\000R\000e\000f\000e\000r\000e\000n\000c\000e}{chapter.14}% 264
\BOOKMARK [2][-]{subsection.14.38.1}{\376\377\0001\0004\000.\0003\0008\000.\0001\000\040\000D\000e\000t\000a\000i\000l\000e\000d\000\040\000D\000e\000s\000c\000r\000i\000p\000t\000i\000o\000n}{section.14.38}% 265
\BOOKMARK [2][-]{subsection.14.38.2}{\376\377\0001\0004\000.\0003\0008\000.\0002\000\040\000C\000o\000n\000s\000t\000r\000u\000c\000t\000o\000r\000\040\000\046\000\040\000D\000e\000s\000t\000r\000u\000c\000t\000o\000r\000\040\000D\000o\000c\000u\000m\000e\000n\000t\000a\000t\000i\000o\000n}{section.14.38}% 266
\BOOKMARK [3][-]{subsubsection.14.38.2.1}{\376\377\0001\0004\000.\0003\0008\000.\0002\000.\0001\000\040\000M\000o\000d\000e\000l\000S\000I\000R\000D\000\050\000\051}{subsection.14.38.2}% 267
\BOOKMARK [2][-]{subsection.14.38.3}{\376\377\0001\0004\000.\0003\0008\000.\0003\000\040\000M\000e\000m\000b\000e\000r\000\040\000F\000u\000n\000c\000t\000i\000o\000n\000\040\000D\000o\000c\000u\000m\000e\000n\000t\000a\000t\000i\000o\000n}{section.14.38}% 268
\BOOKMARK [3][-]{subsubsection.14.38.3.1}{\376\377\0001\0004\000.\0003\0008\000.\0003\000.\0001\000\040\000i\000n\000i\000t\000i\000a\000l\000\137\000s\000t\000a\000t\000e\000s\000\050\000\051}{subsection.14.38.3}% 269
\BOOKMARK [1][-]{section.14.39}{\376\377\0001\0004\000.\0003\0009\000\040\000M\000o\000d\000e\000l\000S\000I\000R\000D\000<\000\040\000T\000S\000e\000q\000\040\000>\000\040\000C\000l\000a\000s\000s\000\040\000T\000e\000m\000p\000l\000a\000t\000e\000\040\000R\000e\000f\000e\000r\000e\000n\000c\000e}{chapter.14}% 270
\BOOKMARK [2][-]{subsection.14.39.1}{\376\377\0001\0004\000.\0003\0009\000.\0001\000\040\000D\000e\000t\000a\000i\000l\000e\000d\000\040\000D\000e\000s\000c\000r\000i\000p\000t\000i\000o\000n}{section.14.39}% 271
\BOOKMARK [2][-]{subsection.14.39.2}{\376\377\0001\0004\000.\0003\0009\000.\0002\000\040\000C\000o\000n\000s\000t\000r\000u\000c\000t\000o\000r\000\040\000\046\000\040\000D\000e\000s\000t\000r\000u\000c\000t\000o\000r\000\040\000D\000o\000c\000u\000m\000e\000n\000t\000a\000t\000i\000o\000n}{section.14.39}% 272
\BOOKMARK [3][-]{subsubsection.14.39.2.1}{\376\377\0001\0004\000.\0003\0009\000.\0002\000.\0001\000\040\000M\000o\000d\000e\000l\000S\000I\000R\000D\000\050\000\051}{subsection.14.39.2}% 273
\BOOKMARK [2][-]{subsection.14.39.3}{\376\377\0001\0004\000.\0003\0009\000.\0003\000\040\000M\000e\000m\000b\000e\000r\000\040\000F\000u\000n\000c\000t\000i\000o\000n\000\040\000D\000o\000c\000u\000m\000e\000n\000t\000a\000t\000i\000o\000n}{section.14.39}% 274
\BOOKMARK [3][-]{subsubsection.14.39.3.1}{\376\377\0001\0004\000.\0003\0009\000.\0003\000.\0001\000\040\000i\000n\000i\000t\000i\000a\000l\000\137\000s\000t\000a\000t\000e\000s\000\050\000\051}{subsection.14.39.3}% 275
\BOOKMARK [1][-]{section.14.40}{\376\377\0001\0004\000.\0004\0000\000\040\000e\000p\000i\000w\000o\000r\000l\000d\000:\000:\000e\000p\000i\000m\000o\000d\000e\000l\000s\000:\000:\000M\000o\000d\000e\000l\000S\000I\000R\000D\000C\000O\000N\000N\000<\000\040\000T\000S\000e\000q\000\040\000>\000\040\000C\000l\000a\000s\000s\000\040\000T\000e\000m\000p\000l\000a\000t\000e\000\040\000R\000e\000f\000e\000r\000e\000n\000c\000e}{chapter.14}% 276
\BOOKMARK [2][-]{subsection.14.40.1}{\376\377\0001\0004\000.\0004\0000\000.\0001\000\040\000C\000o\000n\000s\000t\000r\000u\000c\000t\000o\000r\000\040\000\046\000\040\000D\000e\000s\000t\000r\000u\000c\000t\000o\000r\000\040\000D\000o\000c\000u\000m\000e\000n\000t\000a\000t\000i\000o\000n}{section.14.40}% 277
\BOOKMARK [3][-]{subsubsection.14.40.1.1}{\376\377\0001\0004\000.\0004\0000\000.\0001\000.\0001\000\040\000M\000o\000d\000e\000l\000S\000I\000R\000D\000C\000O\000N\000N\000\050\000\051}{subsection.14.40.1}% 278
\BOOKMARK [2][-]{subsection.14.40.2}{\376\377\0001\0004\000.\0004\0000\000.\0002\000\040\000M\000e\000m\000b\000e\000r\000\040\000F\000u\000n\000c\000t\000i\000o\000n\000\040\000D\000o\000c\000u\000m\000e\000n\000t\000a\000t\000i\000o\000n}{section.14.40}% 279
\BOOKMARK [3][-]{subsubsection.14.40.2.1}{\376\377\0001\0004\000.\0004\0000\000.\0002\000.\0001\000\040\000c\000l\000o\000n\000e\000\137\000p\000t\000r\000\050\000\051}{subsection.14.40.2}% 280
\BOOKMARK [3][-]{subsubsection.14.40.2.2}{\376\377\0001\0004\000.\0004\0000\000.\0002\000.\0002\000\040\000r\000e\000s\000e\000t\000\050\000\051}{subsection.14.40.2}% 281
\BOOKMARK [1][-]{section.14.41}{\376\377\0001\0004\000.\0004\0001\000\040\000M\000o\000d\000e\000l\000S\000I\000R\000D\000C\000O\000N\000N\000<\000\040\000T\000S\000e\000q\000\040\000>\000\040\000C\000l\000a\000s\000s\000\040\000T\000e\000m\000p\000l\000a\000t\000e\000\040\000R\000e\000f\000e\000r\000e\000n\000c\000e}{chapter.14}% 282
\BOOKMARK [2][-]{subsection.14.41.1}{\376\377\0001\0004\000.\0004\0001\000.\0001\000\040\000C\000o\000n\000s\000t\000r\000u\000c\000t\000o\000r\000\040\000\046\000\040\000D\000e\000s\000t\000r\000u\000c\000t\000o\000r\000\040\000D\000o\000c\000u\000m\000e\000n\000t\000a\000t\000i\000o\000n}{section.14.41}% 283
\BOOKMARK [3][-]{subsubsection.14.41.1.1}{\376\377\0001\0004\000.\0004\0001\000.\0001\000.\0001\000\040\000M\000o\000d\000e\000l\000S\000I\000R\000D\000C\000O\000N\000N\000\050\000\051}{subsection.14.41.1}% 284
\BOOKMARK [2][-]{subsection.14.41.2}{\376\377\0001\0004\000.\0004\0001\000.\0002\000\040\000M\000e\000m\000b\000e\000r\000\040\000F\000u\000n\000c\000t\000i\000o\000n\000\040\000D\000o\000c\000u\000m\000e\000n\000t\000a\000t\000i\000o\000n}{section.14.41}% 285
\BOOKMARK [3][-]{subsubsection.14.41.2.1}{\376\377\0001\0004\000.\0004\0001\000.\0002\000.\0001\000\040\000c\000l\000o\000n\000e\000\137\000p\000t\000r\000\050\000\051}{subsection.14.41.2}% 286
\BOOKMARK [3][-]{subsubsection.14.41.2.2}{\376\377\0001\0004\000.\0004\0001\000.\0002\000.\0002\000\040\000r\000e\000s\000e\000t\000\050\000\051}{subsection.14.41.2}% 287
\BOOKMARK [1][-]{section.14.42}{\376\377\0001\0004\000.\0004\0002\000\040\000e\000p\000i\000w\000o\000r\000l\000d\000:\000:\000e\000p\000i\000m\000o\000d\000e\000l\000s\000:\000:\000M\000o\000d\000e\000l\000S\000I\000R\000L\000o\000g\000i\000t\000<\000\040\000T\000S\000e\000q\000\040\000>\000\040\000C\000l\000a\000s\000s\000\040\000T\000e\000m\000p\000l\000a\000t\000e\000\040\000R\000e\000f\000e\000r\000e\000n\000c\000e}{chapter.14}% 288
\BOOKMARK [2][-]{subsection.14.42.1}{\376\377\0001\0004\000.\0004\0002\000.\0001\000\040\000C\000o\000n\000s\000t\000r\000u\000c\000t\000o\000r\000\040\000\046\000\040\000D\000e\000s\000t\000r\000u\000c\000t\000o\000r\000\040\000D\000o\000c\000u\000m\000e\000n\000t\000a\000t\000i\000o\000n}{section.14.42}% 289
\BOOKMARK [3][-]{subsubsection.14.42.1.1}{\376\377\0001\0004\000.\0004\0002\000.\0001\000.\0001\000\040\000M\000o\000d\000e\000l\000S\000I\000R\000L\000o\000g\000i\000t\000\050\000\051}{subsection.14.42.1}% 290
\BOOKMARK [2][-]{subsection.14.42.2}{\376\377\0001\0004\000.\0004\0002\000.\0002\000\040\000M\000e\000m\000b\000e\000r\000\040\000F\000u\000n\000c\000t\000i\000o\000n\000\040\000D\000o\000c\000u\000m\000e\000n\000t\000a\000t\000i\000o\000n}{section.14.42}% 291
\BOOKMARK [3][-]{subsubsection.14.42.2.1}{\376\377\0001\0004\000.\0004\0002\000.\0002\000.\0001\000\040\000c\000l\000o\000n\000e\000\137\000p\000t\000r\000\050\000\051}{subsection.14.42.2}% 292
\BOOKMARK [3][-]{subsubsection.14.42.2.2}{\376\377\0001\0004\000.\0004\0002\000.\0002\000.\0002\000\040\000r\000e\000s\000e\000t\000\050\000\051}{subsection.14.42.2}% 293
\BOOKMARK [1][-]{section.14.43}{\376\377\0001\0004\000.\0004\0003\000\040\000M\000o\000d\000e\000l\000S\000I\000R\000L\000o\000g\000i\000t\000<\000\040\000T\000S\000e\000q\000\040\000>\000\040\000C\000l\000a\000s\000s\000\040\000T\000e\000m\000p\000l\000a\000t\000e\000\040\000R\000e\000f\000e\000r\000e\000n\000c\000e}{chapter.14}% 294
\BOOKMARK [2][-]{subsection.14.43.1}{\376\377\0001\0004\000.\0004\0003\000.\0001\000\040\000C\000o\000n\000s\000t\000r\000u\000c\000t\000o\000r\000\040\000\046\000\040\000D\000e\000s\000t\000r\000u\000c\000t\000o\000r\000\040\000D\000o\000c\000u\000m\000e\000n\000t\000a\000t\000i\000o\000n}{section.14.43}% 295
\BOOKMARK [3][-]{subsubsection.14.43.1.1}{\376\377\0001\0004\000.\0004\0003\000.\0001\000.\0001\000\040\000M\000o\000d\000e\000l\000S\000I\000R\000L\000o\000g\000i\000t\000\050\000\051}{subsection.14.43.1}% 296
\BOOKMARK [2][-]{subsection.14.43.2}{\376\377\0001\0004\000.\0004\0003\000.\0002\000\040\000M\000e\000m\000b\000e\000r\000\040\000F\000u\000n\000c\000t\000i\000o\000n\000\040\000D\000o\000c\000u\000m\000e\000n\000t\000a\000t\000i\000o\000n}{section.14.43}% 297
\BOOKMARK [3][-]{subsubsection.14.43.2.1}{\376\377\0001\0004\000.\0004\0003\000.\0002\000.\0001\000\040\000c\000l\000o\000n\000e\000\137\000p\000t\000r\000\050\000\051}{subsection.14.43.2}% 298
\BOOKMARK [3][-]{subsubsection.14.43.2.2}{\376\377\0001\0004\000.\0004\0003\000.\0002\000.\0002\000\040\000r\000e\000s\000e\000t\000\050\000\051}{subsection.14.43.2}% 299
\BOOKMARK [1][-]{section.14.44}{\376\377\0001\0004\000.\0004\0004\000\040\000e\000p\000i\000w\000o\000r\000l\000d\000:\000:\000e\000p\000i\000m\000o\000d\000e\000l\000s\000:\000:\000M\000o\000d\000e\000l\000S\000I\000S\000<\000\040\000T\000S\000e\000q\000\040\000>\000\040\000C\000l\000a\000s\000s\000\040\000T\000e\000m\000p\000l\000a\000t\000e\000\040\000R\000e\000f\000e\000r\000e\000n\000c\000e}{chapter.14}% 300
\BOOKMARK [2][-]{subsection.14.44.1}{\376\377\0001\0004\000.\0004\0004\000.\0001\000\040\000D\000e\000t\000a\000i\000l\000e\000d\000\040\000D\000e\000s\000c\000r\000i\000p\000t\000i\000o\000n}{section.14.44}% 301
\BOOKMARK [1][-]{section.14.45}{\376\377\0001\0004\000.\0004\0005\000\040\000M\000o\000d\000e\000l\000S\000I\000S\000<\000\040\000T\000S\000e\000q\000\040\000>\000\040\000C\000l\000a\000s\000s\000\040\000T\000e\000m\000p\000l\000a\000t\000e\000\040\000R\000e\000f\000e\000r\000e\000n\000c\000e}{chapter.14}% 302
\BOOKMARK [2][-]{subsection.14.45.1}{\376\377\0001\0004\000.\0004\0005\000.\0001\000\040\000D\000e\000t\000a\000i\000l\000e\000d\000\040\000D\000e\000s\000c\000r\000i\000p\000t\000i\000o\000n}{section.14.45}% 303
\BOOKMARK [1][-]{section.14.46}{\376\377\0001\0004\000.\0004\0006\000\040\000e\000p\000i\000w\000o\000r\000l\000d\000:\000:\000e\000p\000i\000m\000o\000d\000e\000l\000s\000:\000:\000M\000o\000d\000e\000l\000S\000I\000S\000D\000<\000\040\000T\000S\000e\000q\000\040\000>\000\040\000C\000l\000a\000s\000s\000\040\000T\000e\000m\000p\000l\000a\000t\000e\000\040\000R\000e\000f\000e\000r\000e\000n\000c\000e}{chapter.14}% 304
\BOOKMARK [2][-]{subsection.14.46.1}{\376\377\0001\0004\000.\0004\0006\000.\0001\000\040\000D\000e\000t\000a\000i\000l\000e\000d\000\040\000D\000e\000s\000c\000r\000i\000p\000t\000i\000o\000n}{section.14.46}% 305
\BOOKMARK [1][-]{section.14.47}{\376\377\0001\0004\000.\0004\0007\000\040\000M\000o\000d\000e\000l\000S\000I\000S\000D\000<\000\040\000T\000S\000e\000q\000\040\000>\000\040\000C\000l\000a\000s\000s\000\040\000T\000e\000m\000p\000l\000a\000t\000e\000\040\000R\000e\000f\000e\000r\000e\000n\000c\000e}{chapter.14}% 306
\BOOKMARK [2][-]{subsection.14.47.1}{\376\377\0001\0004\000.\0004\0007\000.\0001\000\040\000D\000e\000t\000a\000i\000l\000e\000d\000\040\000D\000e\000s\000c\000r\000i\000p\000t\000i\000o\000n}{section.14.47}% 307
\BOOKMARK [1][-]{section.14.48}{\376\377\0001\0004\000.\0004\0008\000\040\000e\000p\000i\000w\000o\000r\000l\000d\000:\000:\000e\000p\000i\000m\000o\000d\000e\000l\000s\000:\000:\000M\000o\000d\000e\000l\000S\000U\000R\000V\000<\000\040\000T\000S\000e\000q\000\040\000>\000\040\000C\000l\000a\000s\000s\000\040\000T\000e\000m\000p\000l\000a\000t\000e\000\040\000R\000e\000f\000e\000r\000e\000n\000c\000e}{chapter.14}% 308
\BOOKMARK [1][-]{section.14.49}{\376\377\0001\0004\000.\0004\0009\000\040\000M\000o\000d\000e\000l\000S\000U\000R\000V\000<\000\040\000T\000S\000e\000q\000\040\000>\000\040\000C\000l\000a\000s\000s\000\040\000T\000e\000m\000p\000l\000a\000t\000e\000\040\000R\000e\000f\000e\000r\000e\000n\000c\000e}{chapter.14}% 309
\BOOKMARK [1][-]{section.14.50}{\376\377\0001\0004\000.\0005\0000\000\040\000N\000e\000t\000w\000o\000r\000k\000<\000\040\000N\000e\000t\000t\000y\000p\000e\000,\000\040\000N\000o\000d\000e\000t\000y\000p\000e\000,\000\040\000E\000d\000g\000e\000t\000y\000p\000e\000\040\000>\000\040\000C\000l\000a\000s\000s\000\040\000T\000e\000m\000p\000l\000a\000t\000e\000\040\000R\000e\000f\000e\000r\000e\000n\000c\000e}{chapter.14}% 310
\BOOKMARK [1][-]{section.14.51}{\376\377\0001\0004\000.\0005\0001\000\040\000e\000p\000i\000w\000o\000r\000l\000d\000:\000:\000P\000e\000r\000s\000o\000n\000T\000o\000o\000l\000s\000<\000\040\000T\000S\000e\000q\000\040\000>\000\040\000C\000l\000a\000s\000s\000\040\000T\000e\000m\000p\000l\000a\000t\000e\000\040\000R\000e\000f\000e\000r\000e\000n\000c\000e}{chapter.14}% 311
\BOOKMARK [1][-]{section.14.52}{\376\377\0001\0004\000.\0005\0002\000\040\000P\000e\000r\000s\000o\000n\000T\000o\000o\000l\000s\000<\000\040\000T\000S\000e\000q\000\040\000>\000\040\000C\000l\000a\000s\000s\000\040\000T\000e\000m\000p\000l\000a\000t\000e\000\040\000R\000e\000f\000e\000r\000e\000n\000c\000e}{chapter.14}% 312
\BOOKMARK [1][-]{section.14.53}{\376\377\0001\0004\000.\0005\0003\000\040\000e\000p\000i\000w\000o\000r\000l\000d\000:\000:\000P\000r\000o\000g\000r\000e\000s\000s\000\040\000C\000l\000a\000s\000s\000\040\000R\000e\000f\000e\000r\000e\000n\000c\000e}{chapter.14}% 313
\BOOKMARK [2][-]{subsection.14.53.1}{\376\377\0001\0004\000.\0005\0003\000.\0001\000\040\000D\000e\000t\000a\000i\000l\000e\000d\000\040\000D\000e\000s\000c\000r\000i\000p\000t\000i\000o\000n}{section.14.53}% 314
\BOOKMARK [1][-]{section.14.54}{\376\377\0001\0004\000.\0005\0004\000\040\000P\000r\000o\000g\000r\000e\000s\000s\000\040\000C\000l\000a\000s\000s\000\040\000R\000e\000f\000e\000r\000e\000n\000c\000e}{chapter.14}% 315
\BOOKMARK [2][-]{subsection.14.54.1}{\376\377\0001\0004\000.\0005\0004\000.\0001\000\040\000D\000e\000t\000a\000i\000l\000e\000d\000\040\000D\000e\000s\000c\000r\000i\000p\000t\000i\000o\000n}{section.14.54}% 316
\BOOKMARK [1][-]{section.14.55}{\376\377\0001\0004\000.\0005\0005\000\040\000e\000p\000i\000w\000o\000r\000l\000d\000:\000:\000Q\000u\000e\000u\000e\000<\000\040\000T\000S\000e\000q\000\040\000>\000\040\000C\000l\000a\000s\000s\000\040\000T\000e\000m\000p\000l\000a\000t\000e\000\040\000R\000e\000f\000e\000r\000e\000n\000c\000e}{chapter.14}% 317
\BOOKMARK [2][-]{subsection.14.55.1}{\376\377\0001\0004\000.\0005\0005\000.\0001\000\040\000D\000e\000t\000a\000i\000l\000e\000d\000\040\000D\000e\000s\000c\000r\000i\000p\000t\000i\000o\000n}{section.14.55}% 318
\BOOKMARK [1][-]{section.14.56}{\376\377\0001\0004\000.\0005\0006\000\040\000Q\000u\000e\000u\000e\000<\000\040\000T\000S\000e\000q\000\040\000>\000\040\000C\000l\000a\000s\000s\000\040\000T\000e\000m\000p\000l\000a\000t\000e\000\040\000R\000e\000f\000e\000r\000e\000n\000c\000e}{chapter.14}% 319
\BOOKMARK [2][-]{subsection.14.56.1}{\376\377\0001\0004\000.\0005\0006\000.\0001\000\040\000D\000e\000t\000a\000i\000l\000e\000d\000\040\000D\000e\000s\000c\000r\000i\000p\000t\000i\000o\000n}{section.14.56}% 320
\BOOKMARK [1][-]{section.14.57}{\376\377\0001\0004\000.\0005\0007\000\040\000R\000a\000n\000d\000G\000r\000a\000p\000h\000\040\000C\000l\000a\000s\000s\000\040\000R\000e\000f\000e\000r\000e\000n\000c\000e}{chapter.14}% 321
\BOOKMARK [1][-]{section.14.58}{\376\377\0001\0004\000.\0005\0008\000\040\000e\000p\000i\000w\000o\000r\000l\000d\000:\000:\000S\000A\000M\000P\000L\000E\000T\000Y\000P\000E\000\040\000C\000l\000a\000s\000s\000\040\000R\000e\000f\000e\000r\000e\000n\000c\000e}{chapter.14}% 322
\BOOKMARK [1][-]{section.14.59}{\376\377\0001\0004\000.\0005\0009\000\040\000S\000A\000M\000P\000L\000E\000T\000Y\000P\000E\000\040\000C\000l\000a\000s\000s\000\040\000R\000e\000f\000e\000r\000e\000n\000c\000e}{chapter.14}% 323
\BOOKMARK [1][-]{section.14.60}{\376\377\0001\0004\000.\0006\0000\000\040\000e\000p\000i\000w\000o\000r\000l\000d\000:\000:\000T\000o\000o\000l\000<\000\040\000T\000S\000e\000q\000\040\000>\000\040\000C\000l\000a\000s\000s\000\040\000T\000e\000m\000p\000l\000a\000t\000e\000\040\000R\000e\000f\000e\000r\000e\000n\000c\000e}{chapter.14}% 324
\BOOKMARK [2][-]{subsection.14.60.1}{\376\377\0001\0004\000.\0006\0000\000.\0001\000\040\000D\000e\000t\000a\000i\000l\000e\000d\000\040\000D\000e\000s\000c\000r\000i\000p\000t\000i\000o\000n}{section.14.60}% 325
\BOOKMARK [1][-]{section.14.61}{\376\377\0001\0004\000.\0006\0001\000\040\000T\000o\000o\000l\000<\000\040\000T\000S\000e\000q\000\040\000>\000\040\000C\000l\000a\000s\000s\000\040\000T\000e\000m\000p\000l\000a\000t\000e\000\040\000R\000e\000f\000e\000r\000e\000n\000c\000e}{chapter.14}% 326
\BOOKMARK [2][-]{subsection.14.61.1}{\376\377\0001\0004\000.\0006\0001\000.\0001\000\040\000D\000e\000t\000a\000i\000l\000e\000d\000\040\000D\000e\000s\000c\000r\000i\000p\000t\000i\000o\000n}{section.14.61}% 327
\BOOKMARK [1][-]{section.14.62}{\376\377\0001\0004\000.\0006\0002\000\040\000e\000p\000i\000w\000o\000r\000l\000d\000:\000:\000T\000o\000o\000l\000s\000<\000\040\000T\000S\000e\000q\000\040\000>\000\040\000C\000l\000a\000s\000s\000\040\000T\000e\000m\000p\000l\000a\000t\000e\000\040\000R\000e\000f\000e\000r\000e\000n\000c\000e}{chapter.14}% 328
\BOOKMARK [2][-]{subsection.14.62.1}{\376\377\0001\0004\000.\0006\0002\000.\0001\000\040\000D\000e\000t\000a\000i\000l\000e\000d\000\040\000D\000e\000s\000c\000r\000i\000p\000t\000i\000o\000n}{section.14.62}% 329
\BOOKMARK [1][-]{section.14.63}{\376\377\0001\0004\000.\0006\0003\000\040\000T\000o\000o\000l\000s\000<\000\040\000T\000S\000e\000q\000\040\000>\000\040\000C\000l\000a\000s\000s\000\040\000T\000e\000m\000p\000l\000a\000t\000e\000\040\000R\000e\000f\000e\000r\000e\000n\000c\000e}{chapter.14}% 330
\BOOKMARK [2][-]{subsection.14.63.1}{\376\377\0001\0004\000.\0006\0003\000.\0001\000\040\000D\000e\000t\000a\000i\000l\000e\000d\000\040\000D\000e\000s\000c\000r\000i\000p\000t\000i\000o\000n}{section.14.63}% 331
\BOOKMARK [1][-]{section.14.64}{\376\377\0001\0004\000.\0006\0004\000\040\000e\000p\000i\000w\000o\000r\000l\000d\000:\000:\000T\000o\000o\000l\000s\000\137\000c\000o\000n\000s\000t\000<\000\040\000T\000S\000e\000q\000\040\000>\000\040\000C\000l\000a\000s\000s\000\040\000T\000e\000m\000p\000l\000a\000t\000e\000\040\000R\000e\000f\000e\000r\000e\000n\000c\000e}{chapter.14}% 332
\BOOKMARK [2][-]{subsection.14.64.1}{\376\377\0001\0004\000.\0006\0004\000.\0001\000\040\000D\000e\000t\000a\000i\000l\000e\000d\000\040\000D\000e\000s\000c\000r\000i\000p\000t\000i\000o\000n}{section.14.64}% 333
\BOOKMARK [1][-]{section.14.65}{\376\377\0001\0004\000.\0006\0005\000\040\000T\000o\000o\000l\000s\000\137\000c\000o\000n\000s\000t\000<\000\040\000T\000S\000e\000q\000\040\000>\000\040\000C\000l\000a\000s\000s\000\040\000T\000e\000m\000p\000l\000a\000t\000e\000\040\000R\000e\000f\000e\000r\000e\000n\000c\000e}{chapter.14}% 334
\BOOKMARK [2][-]{subsection.14.65.1}{\376\377\0001\0004\000.\0006\0005\000.\0001\000\040\000D\000e\000t\000a\000i\000l\000e\000d\000\040\000D\000e\000s\000c\000r\000i\000p\000t\000i\000o\000n}{section.14.65}% 335
\BOOKMARK [1][-]{section.14.66}{\376\377\0001\0004\000.\0006\0006\000\040\000e\000p\000i\000w\000o\000r\000l\000d\000:\000:\000U\000s\000e\000r\000D\000a\000t\000a\000<\000\040\000T\000S\000e\000q\000\040\000>\000\040\000C\000l\000a\000s\000s\000\040\000T\000e\000m\000p\000l\000a\000t\000e\000\040\000R\000e\000f\000e\000r\000e\000n\000c\000e}{chapter.14}% 336
\BOOKMARK [2][-]{subsection.14.66.1}{\376\377\0001\0004\000.\0006\0006\000.\0001\000\040\000D\000e\000t\000a\000i\000l\000e\000d\000\040\000D\000e\000s\000c\000r\000i\000p\000t\000i\000o\000n}{section.14.66}% 337
\BOOKMARK [2][-]{subsection.14.66.2}{\376\377\0001\0004\000.\0006\0006\000.\0002\000\040\000C\000o\000n\000s\000t\000r\000u\000c\000t\000o\000r\000\040\000\046\000\040\000D\000e\000s\000t\000r\000u\000c\000t\000o\000r\000\040\000D\000o\000c\000u\000m\000e\000n\000t\000a\000t\000i\000o\000n}{section.14.66}% 338
\BOOKMARK [3][-]{subsubsection.14.66.2.1}{\376\377\0001\0004\000.\0006\0006\000.\0002\000.\0001\000\040\000U\000s\000e\000r\000D\000a\000t\000a\000\050\000\051}{subsection.14.66.2}% 339
\BOOKMARK [1][-]{section.14.67}{\376\377\0001\0004\000.\0006\0007\000\040\000U\000s\000e\000r\000D\000a\000t\000a\000<\000\040\000T\000S\000e\000q\000\040\000>\000\040\000C\000l\000a\000s\000s\000\040\000T\000e\000m\000p\000l\000a\000t\000e\000\040\000R\000e\000f\000e\000r\000e\000n\000c\000e}{chapter.14}% 340
\BOOKMARK [2][-]{subsection.14.67.1}{\376\377\0001\0004\000.\0006\0007\000.\0001\000\040\000D\000e\000t\000a\000i\000l\000e\000d\000\040\000D\000e\000s\000c\000r\000i\000p\000t\000i\000o\000n}{section.14.67}% 341
\BOOKMARK [2][-]{subsection.14.67.2}{\376\377\0001\0004\000.\0006\0007\000.\0002\000\040\000C\000o\000n\000s\000t\000r\000u\000c\000t\000o\000r\000\040\000\046\000\040\000D\000e\000s\000t\000r\000u\000c\000t\000o\000r\000\040\000D\000o\000c\000u\000m\000e\000n\000t\000a\000t\000i\000o\000n}{section.14.67}% 342
\BOOKMARK [3][-]{subsubsection.14.67.2.1}{\376\377\0001\0004\000.\0006\0007\000.\0002\000.\0001\000\040\000U\000s\000e\000r\000D\000a\000t\000a\000\050\000\051}{subsection.14.67.2}% 343
\BOOKMARK [1][-]{section.14.68}{\376\377\0001\0004\000.\0006\0008\000\040\000e\000p\000i\000w\000o\000r\000l\000d\000:\000:\000v\000e\000c\000H\000a\000s\000h\000e\000r\000<\000\040\000T\000\040\000>\000\040\000S\000t\000r\000u\000c\000t\000\040\000T\000e\000m\000p\000l\000a\000t\000e\000\040\000R\000e\000f\000e\000r\000e\000n\000c\000e}{chapter.14}% 344
\BOOKMARK [2][-]{subsection.14.68.1}{\376\377\0001\0004\000.\0006\0008\000.\0001\000\040\000D\000e\000t\000a\000i\000l\000e\000d\000\040\000D\000e\000s\000c\000r\000i\000p\000t\000i\000o\000n}{section.14.68}% 345
\BOOKMARK [1][-]{section.14.69}{\376\377\0001\0004\000.\0006\0009\000\040\000v\000e\000c\000H\000a\000s\000h\000e\000r\000<\000\040\000T\000\040\000>\000\040\000S\000t\000r\000u\000c\000t\000\040\000T\000e\000m\000p\000l\000a\000t\000e\000\040\000R\000e\000f\000e\000r\000e\000n\000c\000e}{chapter.14}% 346
\BOOKMARK [2][-]{subsection.14.69.1}{\376\377\0001\0004\000.\0006\0009\000.\0001\000\040\000D\000e\000t\000a\000i\000l\000e\000d\000\040\000D\000e\000s\000c\000r\000i\000p\000t\000i\000o\000n}{section.14.69}% 347
\BOOKMARK [1][-]{section.14.70}{\376\377\0001\0004\000.\0007\0000\000\040\000e\000p\000i\000w\000o\000r\000l\000d\000:\000:\000V\000i\000r\000u\000s\000<\000\040\000T\000S\000e\000q\000\040\000>\000\040\000C\000l\000a\000s\000s\000\040\000T\000e\000m\000p\000l\000a\000t\000e\000\040\000R\000e\000f\000e\000r\000e\000n\000c\000e}{chapter.14}% 348
\BOOKMARK [2][-]{subsection.14.70.1}{\376\377\0001\0004\000.\0007\0000\000.\0001\000\040\000D\000e\000t\000a\000i\000l\000e\000d\000\040\000D\000e\000s\000c\000r\000i\000p\000t\000i\000o\000n}{section.14.70}% 349
\BOOKMARK [1][-]{section.14.71}{\376\377\0001\0004\000.\0007\0001\000\040\000V\000i\000r\000u\000s\000<\000\040\000T\000S\000e\000q\000\040\000>\000\040\000C\000l\000a\000s\000s\000\040\000T\000e\000m\000p\000l\000a\000t\000e\000\040\000R\000e\000f\000e\000r\000e\000n\000c\000e}{chapter.14}% 350
\BOOKMARK [2][-]{subsection.14.71.1}{\376\377\0001\0004\000.\0007\0001\000.\0001\000\040\000D\000e\000t\000a\000i\000l\000e\000d\000\040\000D\000e\000s\000c\000r\000i\000p\000t\000i\000o\000n}{section.14.71}% 351
\BOOKMARK [1][-]{section.14.72}{\376\377\0001\0004\000.\0007\0002\000\040\000e\000p\000i\000w\000o\000r\000l\000d\000:\000:\000V\000i\000r\000u\000s\000e\000s\000<\000\040\000T\000S\000e\000q\000\040\000>\000\040\000C\000l\000a\000s\000s\000\040\000T\000e\000m\000p\000l\000a\000t\000e\000\040\000R\000e\000f\000e\000r\000e\000n\000c\000e}{chapter.14}% 352
\BOOKMARK [2][-]{subsection.14.72.1}{\376\377\0001\0004\000.\0007\0002\000.\0001\000\040\000D\000e\000t\000a\000i\000l\000e\000d\000\040\000D\000e\000s\000c\000r\000i\000p\000t\000i\000o\000n}{section.14.72}% 353
\BOOKMARK [1][-]{section.14.73}{\376\377\0001\0004\000.\0007\0003\000\040\000V\000i\000r\000u\000s\000e\000s\000<\000\040\000T\000S\000e\000q\000\040\000>\000\040\000C\000l\000a\000s\000s\000\040\000T\000e\000m\000p\000l\000a\000t\000e\000\040\000R\000e\000f\000e\000r\000e\000n\000c\000e}{chapter.14}% 354
\BOOKMARK [2][-]{subsection.14.73.1}{\376\377\0001\0004\000.\0007\0003\000.\0001\000\040\000D\000e\000t\000a\000i\000l\000e\000d\000\040\000D\000e\000s\000c\000r\000i\000p\000t\000i\000o\000n}{section.14.73}% 355
\BOOKMARK [1][-]{section.14.74}{\376\377\0001\0004\000.\0007\0004\000\040\000e\000p\000i\000w\000o\000r\000l\000d\000:\000:\000V\000i\000r\000u\000s\000e\000s\000\137\000c\000o\000n\000s\000t\000<\000\040\000T\000S\000e\000q\000\040\000>\000\040\000C\000l\000a\000s\000s\000\040\000T\000e\000m\000p\000l\000a\000t\000e\000\040\000R\000e\000f\000e\000r\000e\000n\000c\000e}{chapter.14}% 356
\BOOKMARK [2][-]{subsection.14.74.1}{\376\377\0001\0004\000.\0007\0004\000.\0001\000\040\000D\000e\000t\000a\000i\000l\000e\000d\000\040\000D\000e\000s\000c\000r\000i\000p\000t\000i\000o\000n}{section.14.74}% 357
\BOOKMARK [1][-]{section.14.75}{\376\377\0001\0004\000.\0007\0005\000\040\000V\000i\000r\000u\000s\000e\000s\000\137\000c\000o\000n\000s\000t\000<\000\040\000T\000S\000e\000q\000\040\000>\000\040\000C\000l\000a\000s\000s\000\040\000T\000e\000m\000p\000l\000a\000t\000e\000\040\000R\000e\000f\000e\000r\000e\000n\000c\000e}{chapter.14}% 358
\BOOKMARK [2][-]{subsection.14.75.1}{\376\377\0001\0004\000.\0007\0005\000.\0001\000\040\000D\000e\000t\000a\000i\000l\000e\000d\000\040\000D\000e\000s\000c\000r\000i\000p\000t\000i\000o\000n}{section.14.75}% 359
\BOOKMARK [0][-]{chapter.15}{\376\377\0001\0005\000\040\000F\000i\000l\000e\000\040\000D\000o\000c\000u\000m\000e\000n\000t\000a\000t\000i\000o\000n}{}% 360
\BOOKMARK [1][-]{section.15.1}{\376\377\0001\0005\000.\0001\000\040\000i\000n\000c\000l\000u\000d\000e\000/\000e\000p\000i\000w\000o\000r\000l\000d\000/\000a\000g\000e\000n\000t\000-\000m\000e\000a\000t\000-\000s\000t\000a\000t\000e\000.\000h\000p\000p\000\040\000F\000i\000l\000e\000\040\000R\000e\000f\000e\000r\000e\000n\000c\000e}{chapter.15}% 361
\BOOKMARK [2][-]{subsection.15.1.1}{\376\377\0001\0005\000.\0001\000.\0001\000\040\000D\000e\000t\000a\000i\000l\000e\000d\000\040\000D\000e\000s\000c\000r\000i\000p\000t\000i\000o\000n}{section.15.1}% 362
\BOOKMARK [0][-]{section*.273}{\376\377\000I\000n\000d\000e\000x}{}% 363
